This file contains any messages produced by compilers while
running configure, to aid debugging if configure makes a mistake.

It was created by linux_media_player configure 4.16.0git.9954485, which was
generated by GNU Autoconf 2.69.  Invocation command line was

  $ ./configure --prefix=/usr

## --------- ##
## Platform. ##
## --------- ##

hostname = fedora
uname -m = x86_64
uname -r = 5.11.6-HAXM-expSEHDsec-c4pt000
uname -s = Linux
uname -v = #1 SMP Wed May 12 23:29:10 EDT 2021

/usr/bin/uname -p = x86_64
/bin/uname -X     = unknown

/bin/arch              = x86_64
/usr/bin/arch -k       = unknown
/usr/convex/getsysinfo = unknown
/usr/bin/hostinfo      = unknown
/bin/machine           = unknown
/usr/bin/oslevel       = unknown
/bin/universe          = unknown

PATH: /root/.nvm/versions/node/v13.14.0/bin
PATH: /usr/lib64/ccache
PATH: /usr/local/sbin
PATH: /usr/local/bin
PATH: /usr/sbin
PATH: /usr/bin
PATH: /sbin
PATH: /bin
PATH: /var/lib/snapd/snap/bin
PATH: /usr/bin/gradle65/bin
PATH: /home/c4pt/Android/Sdk/tools/bin/
PATH: /home/c4pt/Android/Sdk/tools/


## ----------- ##
## Core tests. ##
## ----------- ##

configure:2543: loading site script /usr/share/config.site
| # This is the config.site file to satisfy FHS defaults when installing below
| # /usr.
| #
| # You may override this file by your config.site using the CONFIG_SITE env
| # variable.
| #
| # Note: This file includes also RHEL/Fedora fix for installing libraries into
| # "/lib/lib64" on 64bit systems.
| 
| if test -n "$host"; then
|     # skip when cross-compiling
|     return 0
| fi
| 
| if test "$prefix" = /usr \
|    || { test "$prefix" = NONE && test "$ac_default_prefix" = /usr ; }
| then
|     test "$sysconfdir" = '${prefix}/etc' && sysconfdir=/etc
|     test "$sharedstatedir" = '${prefix}/com' && sharedstatedir=/var
|     test "$localstatedir" = '${prefix}/var' && localstatedir=/var
| 
|     ARCH=`uname -m`
|     for i in x86_64 ppc64 s390x aarch64; do
|         if test $ARCH = $i; then
|             test "$libdir" = '${exec_prefix}/lib' && libdir='${exec_prefix}/lib64'
|             break
|         fi
|     done
| fi
configure:2688: checking for a BSD-compatible install
configure:2756: result: /usr/bin/install -c
configure:2767: checking whether build environment is sane
configure:2822: result: yes
configure:2973: checking for a thread-safe mkdir -p
configure:3012: result: /usr/bin/mkdir -p
configure:3019: checking for gawk
configure:3035: found /usr/bin/gawk
configure:3046: result: gawk
configure:3057: checking whether make sets $(MAKE)
configure:3079: result: yes
configure:3108: checking whether make supports nested variables
configure:3125: result: yes
configure:3214: checking whether UID '0' is supported by ustar format
configure:3217: result: yes
configure:3224: checking whether GID '0' is supported by ustar format
configure:3227: result: yes
configure:3235: checking how to create a ustar tar archive
configure:3246: tar --version
tar (GNU tar) 1.34
Copyright (C) 2021 Free Software Foundation, Inc.
License GPLv3+: GNU GPL version 3 or later <https://gnu.org/licenses/gpl.html>.
This is free software: you are free to change and redistribute it.
There is NO WARRANTY, to the extent permitted by law.

Written by John Gilmore and Jay Fenlason.
configure:3249: $? = 0
configure:3289: tardir=conftest.dir && eval tar --format=ustar -chf - "$tardir" >conftest.tar
configure:3292: $? = 0
configure:3296: tar -xf - <conftest.tar
configure:3299: $? = 0
configure:3301: cat conftest.dir/file
GrepMe
configure:3304: $? = 0
configure:3317: result: gnutar
configure:3397: checking whether to enable maintainer-specific portions of Makefiles
configure:3406: result: yes
configure:3457: checking whether make supports nested variables
configure:3474: result: yes
configure:3490: checking whether make supports the include directive
configure:3505: make -f confmf.GNU && cat confinc.out
this is the am__doit target
configure:3508: $? = 0
configure:3527: result: yes (GNU style)
configure:3597: checking for gcc
configure:3613: found /usr/lib64/ccache/gcc
configure:3624: result: gcc
configure:3853: checking for C compiler version
configure:3862: gcc --version >&5
gcc (GCC) 11.1.1 20210428 (Red Hat 11.1.1-1)
Copyright (C) 2021 Free Software Foundation, Inc.
This is free software; see the source for copying conditions.  There is NO
warranty; not even for MERCHANTABILITY or FITNESS FOR A PARTICULAR PURPOSE.

configure:3873: $? = 0
configure:3862: gcc -v >&5
Using built-in specs.
COLLECT_GCC=/usr/bin/gcc
COLLECT_LTO_WRAPPER=/usr/libexec/gcc/x86_64-redhat-linux/11/lto-wrapper
OFFLOAD_TARGET_NAMES=nvptx-none
OFFLOAD_TARGET_DEFAULT=1
Target: x86_64-redhat-linux
Configured with: ../configure --enable-bootstrap --enable-languages=c,c++,fortran,objc,obj-c++,ada,go,d,lto --prefix=/usr --mandir=/usr/share/man --infodir=/usr/share/info --with-bugurl=http://bugzilla.redhat.com/bugzilla --enable-shared --enable-threads=posix --enable-checking=release --enable-multilib --with-system-zlib --enable-__cxa_atexit --disable-libunwind-exceptions --enable-gnu-unique-object --enable-linker-build-id --with-gcc-major-version-only --with-linker-hash-style=gnu --enable-plugin --enable-initfini-array --with-isl=/builddir/build/BUILD/gcc-11.1.1-20210428/obj-x86_64-redhat-linux/isl-install --enable-offload-targets=nvptx-none --without-cuda-driver --enable-gnu-indirect-function --enable-cet --with-tune=generic --with-arch_32=i686 --build=x86_64-redhat-linux
Thread model: posix
Supported LTO compression algorithms: zlib zstd
gcc version 11.1.1 20210428 (Red Hat 11.1.1-1) (GCC) 
... rest of stderr output deleted ...
configure:3873: $? = 0
configure:3862: gcc -V >&5
gcc: error: unrecognized command-line option '-V'
gcc: fatal error: no input files
compilation terminated.
configure:3873: $? = 1
configure:3862: gcc -qversion >&5
gcc: error: unrecognized command-line option '-qversion'; did you mean '--version'?
gcc: fatal error: no input files
compilation terminated.
configure:3873: $? = 1
configure:3893: checking whether the C compiler works
configure:3915: gcc    conftest.c  >&5
configure:3919: $? = 0
configure:3967: result: yes
configure:3970: checking for C compiler default output file name
configure:3972: result: a.out
configure:3978: checking for suffix of executables
configure:3985: gcc -o conftest    conftest.c  >&5
configure:3989: $? = 0
configure:4011: result: 
configure:4033: checking whether we are cross compiling
configure:4041: gcc -o conftest    conftest.c  >&5
configure:4045: $? = 0
configure:4052: ./conftest
configure:4056: $? = 0
configure:4071: result: no
configure:4076: checking for suffix of object files
configure:4098: gcc -c   conftest.c >&5
configure:4102: $? = 0
configure:4123: result: o
configure:4127: checking whether we are using the GNU C compiler
configure:4146: gcc -c   conftest.c >&5
configure:4146: $? = 0
configure:4155: result: yes
configure:4164: checking whether gcc accepts -g
configure:4184: gcc -c -g  conftest.c >&5
configure:4184: $? = 0
configure:4225: result: yes
configure:4242: checking for gcc option to accept ISO C89
configure:4305: gcc  -c -g -O2  conftest.c >&5
configure:4305: $? = 0
configure:4318: result: none needed
configure:4343: checking whether gcc understands -c and -o together
configure:4365: gcc -c conftest.c -o conftest2.o
configure:4368: $? = 0
configure:4365: gcc -c conftest.c -o conftest2.o
configure:4368: $? = 0
configure:4380: result: yes
configure:4399: checking dependency style of gcc
configure:4510: result: gcc3
configure:4531: checking how to run the C preprocessor
configure:4562: gcc -E  conftest.c
configure:4562: $? = 0
configure:4576: gcc -E  conftest.c
conftest.c:11:10: fatal error: ac_nonexistent.h: No such file or directory
   11 | #include <ac_nonexistent.h>
      |          ^~~~~~~~~~~~~~~~~~
compilation terminated.
configure:4576: $? = 1
configure: failed program was:
| /* confdefs.h */
| #define PACKAGE_NAME "linux_media_player"
| #define PACKAGE_TARNAME "linux_media_player"
| #define PACKAGE_VERSION "4.16.0git.9954485"
| #define PACKAGE_STRING "linux_media_player 4.16.0git.9954485"
| #define PACKAGE_BUGREPORT "https://github.com/c4pt000/linux-media-player"
| #define PACKAGE_URL ""
| #define PACKAGE "linux_media_player"
| #define VERSION "4.16.0git.9954485"
| /* end confdefs.h.  */
| #include <ac_nonexistent.h>
configure:4601: result: gcc -E
configure:4621: gcc -E  conftest.c
configure:4621: $? = 0
configure:4635: gcc -E  conftest.c
conftest.c:11:10: fatal error: ac_nonexistent.h: No such file or directory
   11 | #include <ac_nonexistent.h>
      |          ^~~~~~~~~~~~~~~~~~
compilation terminated.
configure:4635: $? = 1
configure: failed program was:
| /* confdefs.h */
| #define PACKAGE_NAME "linux_media_player"
| #define PACKAGE_TARNAME "linux_media_player"
| #define PACKAGE_VERSION "4.16.0git.9954485"
| #define PACKAGE_STRING "linux_media_player 4.16.0git.9954485"
| #define PACKAGE_BUGREPORT "https://github.com/c4pt000/linux-media-player"
| #define PACKAGE_URL ""
| #define PACKAGE "linux_media_player"
| #define VERSION "4.16.0git.9954485"
| /* end confdefs.h.  */
| #include <ac_nonexistent.h>
configure:4664: checking for grep that handles long lines and -e
configure:4722: result: /usr/bin/grep
configure:4727: checking for egrep
configure:4789: result: /usr/bin/grep -E
configure:4794: checking for ANSI C header files
configure:4814: gcc -c -g -O2  conftest.c >&5
configure:4814: $? = 0
configure:4887: gcc -o conftest -g -O2   conftest.c  >&5
configure:4887: $? = 0
configure:4887: ./conftest
configure:4887: $? = 0
configure:4898: result: yes
configure:4911: checking for sys/types.h
configure:4911: gcc -c -g -O2  conftest.c >&5
configure:4911: $? = 0
configure:4911: result: yes
configure:4911: checking for sys/stat.h
configure:4911: gcc -c -g -O2  conftest.c >&5
configure:4911: $? = 0
configure:4911: result: yes
configure:4911: checking for stdlib.h
configure:4911: gcc -c -g -O2  conftest.c >&5
configure:4911: $? = 0
configure:4911: result: yes
configure:4911: checking for string.h
configure:4911: gcc -c -g -O2  conftest.c >&5
configure:4911: $? = 0
configure:4911: result: yes
configure:4911: checking for memory.h
configure:4911: gcc -c -g -O2  conftest.c >&5
configure:4911: $? = 0
configure:4911: result: yes
configure:4911: checking for strings.h
configure:4911: gcc -c -g -O2  conftest.c >&5
configure:4911: $? = 0
configure:4911: result: yes
configure:4911: checking for inttypes.h
configure:4911: gcc -c -g -O2  conftest.c >&5
configure:4911: $? = 0
configure:4911: result: yes
configure:4911: checking for stdint.h
configure:4911: gcc -c -g -O2  conftest.c >&5
configure:4911: $? = 0
configure:4911: result: yes
configure:4911: checking for unistd.h
configure:4911: gcc -c -g -O2  conftest.c >&5
configure:4911: $? = 0
configure:4911: result: yes
configure:4924: checking minix/config.h usability
configure:4924: gcc -c -g -O2  conftest.c >&5
conftest.c:54:10: fatal error: minix/config.h: No such file or directory
   54 | #include <minix/config.h>
      |          ^~~~~~~~~~~~~~~~
compilation terminated.
configure:4924: $? = 1
configure: failed program was:
| /* confdefs.h */
| #define PACKAGE_NAME "linux_media_player"
| #define PACKAGE_TARNAME "linux_media_player"
| #define PACKAGE_VERSION "4.16.0git.9954485"
| #define PACKAGE_STRING "linux_media_player 4.16.0git.9954485"
| #define PACKAGE_BUGREPORT "https://github.com/c4pt000/linux-media-player"
| #define PACKAGE_URL ""
| #define PACKAGE "linux_media_player"
| #define VERSION "4.16.0git.9954485"
| #define STDC_HEADERS 1
| #define HAVE_SYS_TYPES_H 1
| #define HAVE_SYS_STAT_H 1
| #define HAVE_STDLIB_H 1
| #define HAVE_STRING_H 1
| #define HAVE_MEMORY_H 1
| #define HAVE_STRINGS_H 1
| #define HAVE_INTTYPES_H 1
| #define HAVE_STDINT_H 1
| #define HAVE_UNISTD_H 1
| /* end confdefs.h.  */
| #include <stdio.h>
| #ifdef HAVE_SYS_TYPES_H
| # include <sys/types.h>
| #endif
| #ifdef HAVE_SYS_STAT_H
| # include <sys/stat.h>
| #endif
| #ifdef STDC_HEADERS
| # include <stdlib.h>
| # include <stddef.h>
| #else
| # ifdef HAVE_STDLIB_H
| #  include <stdlib.h>
| # endif
| #endif
| #ifdef HAVE_STRING_H
| # if !defined STDC_HEADERS && defined HAVE_MEMORY_H
| #  include <memory.h>
| # endif
| # include <string.h>
| #endif
| #ifdef HAVE_STRINGS_H
| # include <strings.h>
| #endif
| #ifdef HAVE_INTTYPES_H
| # include <inttypes.h>
| #endif
| #ifdef HAVE_STDINT_H
| # include <stdint.h>
| #endif
| #ifdef HAVE_UNISTD_H
| # include <unistd.h>
| #endif
| #include <minix/config.h>
configure:4924: result: no
configure:4924: checking minix/config.h presence
configure:4924: gcc -E  conftest.c
conftest.c:21:10: fatal error: minix/config.h: No such file or directory
   21 | #include <minix/config.h>
      |          ^~~~~~~~~~~~~~~~
compilation terminated.
configure:4924: $? = 1
configure: failed program was:
| /* confdefs.h */
| #define PACKAGE_NAME "linux_media_player"
| #define PACKAGE_TARNAME "linux_media_player"
| #define PACKAGE_VERSION "4.16.0git.9954485"
| #define PACKAGE_STRING "linux_media_player 4.16.0git.9954485"
| #define PACKAGE_BUGREPORT "https://github.com/c4pt000/linux-media-player"
| #define PACKAGE_URL ""
| #define PACKAGE "linux_media_player"
| #define VERSION "4.16.0git.9954485"
| #define STDC_HEADERS 1
| #define HAVE_SYS_TYPES_H 1
| #define HAVE_SYS_STAT_H 1
| #define HAVE_STDLIB_H 1
| #define HAVE_STRING_H 1
| #define HAVE_MEMORY_H 1
| #define HAVE_STRINGS_H 1
| #define HAVE_INTTYPES_H 1
| #define HAVE_STDINT_H 1
| #define HAVE_UNISTD_H 1
| /* end confdefs.h.  */
| #include <minix/config.h>
configure:4924: result: no
configure:4924: checking for minix/config.h
configure:4924: result: no
configure:4945: checking whether it is safe to define __EXTENSIONS__
configure:4963: gcc -c -g -O2  conftest.c >&5
configure:4963: $? = 0
configure:4970: result: yes
configure:5036: checking for gcc
configure:5063: result: gcc
configure:5292: checking for C compiler version
configure:5301: gcc --version >&5
gcc (GCC) 11.1.1 20210428 (Red Hat 11.1.1-1)
Copyright (C) 2021 Free Software Foundation, Inc.
This is free software; see the source for copying conditions.  There is NO
warranty; not even for MERCHANTABILITY or FITNESS FOR A PARTICULAR PURPOSE.

configure:5312: $? = 0
configure:5301: gcc -v >&5
Using built-in specs.
COLLECT_GCC=/usr/bin/gcc
COLLECT_LTO_WRAPPER=/usr/libexec/gcc/x86_64-redhat-linux/11/lto-wrapper
OFFLOAD_TARGET_NAMES=nvptx-none
OFFLOAD_TARGET_DEFAULT=1
Target: x86_64-redhat-linux
Configured with: ../configure --enable-bootstrap --enable-languages=c,c++,fortran,objc,obj-c++,ada,go,d,lto --prefix=/usr --mandir=/usr/share/man --infodir=/usr/share/info --with-bugurl=http://bugzilla.redhat.com/bugzilla --enable-shared --enable-threads=posix --enable-checking=release --enable-multilib --with-system-zlib --enable-__cxa_atexit --disable-libunwind-exceptions --enable-gnu-unique-object --enable-linker-build-id --with-gcc-major-version-only --with-linker-hash-style=gnu --enable-plugin --enable-initfini-array --with-isl=/builddir/build/BUILD/gcc-11.1.1-20210428/obj-x86_64-redhat-linux/isl-install --enable-offload-targets=nvptx-none --without-cuda-driver --enable-gnu-indirect-function --enable-cet --with-tune=generic --with-arch_32=i686 --build=x86_64-redhat-linux
Thread model: posix
Supported LTO compression algorithms: zlib zstd
gcc version 11.1.1 20210428 (Red Hat 11.1.1-1) (GCC) 
... rest of stderr output deleted ...
configure:5312: $? = 0
configure:5301: gcc -V >&5
gcc: error: unrecognized command-line option '-V'
gcc: fatal error: no input files
compilation terminated.
configure:5312: $? = 1
configure:5301: gcc -qversion >&5
gcc: error: unrecognized command-line option '-qversion'; did you mean '--version'?
gcc: fatal error: no input files
compilation terminated.
configure:5312: $? = 1
configure:5316: checking whether we are using the GNU C compiler
configure:5344: result: yes
configure:5353: checking whether gcc accepts -g
configure:5414: result: yes
configure:5431: checking for gcc option to accept ISO C89
configure:5507: result: none needed
configure:5532: checking whether gcc understands -c and -o together
configure:5569: result: yes
configure:5588: checking dependency style of gcc
configure:5699: result: gcc3
configure:5772: checking for g++
configure:5788: found /usr/lib64/ccache/g++
configure:5799: result: g++
configure:5826: checking for C++ compiler version
configure:5835: g++ --version >&5
g++ (GCC) 11.1.1 20210428 (Red Hat 11.1.1-1)
Copyright (C) 2021 Free Software Foundation, Inc.
This is free software; see the source for copying conditions.  There is NO
warranty; not even for MERCHANTABILITY or FITNESS FOR A PARTICULAR PURPOSE.

configure:5846: $? = 0
configure:5835: g++ -v >&5
Using built-in specs.
COLLECT_GCC=/usr/bin/g++
COLLECT_LTO_WRAPPER=/usr/libexec/gcc/x86_64-redhat-linux/11/lto-wrapper
OFFLOAD_TARGET_NAMES=nvptx-none
OFFLOAD_TARGET_DEFAULT=1
Target: x86_64-redhat-linux
Configured with: ../configure --enable-bootstrap --enable-languages=c,c++,fortran,objc,obj-c++,ada,go,d,lto --prefix=/usr --mandir=/usr/share/man --infodir=/usr/share/info --with-bugurl=http://bugzilla.redhat.com/bugzilla --enable-shared --enable-threads=posix --enable-checking=release --enable-multilib --with-system-zlib --enable-__cxa_atexit --disable-libunwind-exceptions --enable-gnu-unique-object --enable-linker-build-id --with-gcc-major-version-only --with-linker-hash-style=gnu --enable-plugin --enable-initfini-array --with-isl=/builddir/build/BUILD/gcc-11.1.1-20210428/obj-x86_64-redhat-linux/isl-install --enable-offload-targets=nvptx-none --without-cuda-driver --enable-gnu-indirect-function --enable-cet --with-tune=generic --with-arch_32=i686 --build=x86_64-redhat-linux
Thread model: posix
Supported LTO compression algorithms: zlib zstd
gcc version 11.1.1 20210428 (Red Hat 11.1.1-1) (GCC) 
... rest of stderr output deleted ...
configure:5846: $? = 0
configure:5835: g++ -V >&5
g++: error: unrecognized command-line option '-V'
g++: fatal error: no input files
compilation terminated.
configure:5846: $? = 1
configure:5835: g++ -qversion >&5
g++: error: unrecognized command-line option '-qversion'; did you mean '--version'?
g++: fatal error: no input files
compilation terminated.
configure:5846: $? = 1
configure:5850: checking whether we are using the GNU C++ compiler
configure:5869: g++ -c   conftest.cpp >&5
configure:5869: $? = 0
configure:5878: result: yes
configure:5887: checking whether g++ accepts -g
configure:5907: g++ -c -g  conftest.cpp >&5
configure:5907: $? = 0
configure:5948: result: yes
configure:5973: checking dependency style of g++
configure:6084: result: gcc3
configure:6104: checking build system type
configure:6118: result: x86_64-pc-linux-gnu
configure:6138: checking host system type
configure:6151: result: x86_64-pc-linux-gnu
configure:6171: checking for a sed that does not truncate output
configure:6235: result: /usr/bin/sed
configure:6253: checking for fgrep
configure:6315: result: /usr/bin/grep -F
configure:6342: checking how to print strings
configure:6369: result: printf
configure:6402: checking for ld used by gcc
configure:6469: result: /usr/bin/ld
configure:6476: checking if the linker (/usr/bin/ld) is GNU ld
configure:6491: result: yes
configure:6505: checking whether NLS is requested
configure:6514: result: yes
configure:6532: checking for intltool >= 0.35
configure:6534: result: 0.51.0 found
configure:6542: checking for intltool-update
configure:6560: found /usr/bin/intltool-update
configure:6572: result: /usr/bin/intltool-update
configure:6582: checking for intltool-merge
configure:6600: found /usr/bin/intltool-merge
configure:6612: result: /usr/bin/intltool-merge
configure:6622: checking for intltool-extract
configure:6640: found /usr/bin/intltool-extract
configure:6652: result: /usr/bin/intltool-extract
configure:6806: checking for xgettext
configure:6824: found /usr/bin/xgettext
configure:6836: result: /usr/bin/xgettext
configure:6846: checking for msgmerge
configure:6864: found /usr/bin/msgmerge
configure:6876: result: /usr/bin/msgmerge
configure:6886: checking for msgfmt
configure:6904: found /usr/bin/msgfmt
configure:6916: result: /usr/bin/msgfmt
configure:6926: checking for gmsgfmt
configure:6957: result: /usr/bin/msgfmt
configure:6977: checking for perl
configure:6995: found /usr/bin/perl
configure:7007: result: /usr/bin/perl
configure:7018: checking for perl >= 5.8.1
configure:7025: result: 5.32.1
configure:7092: checking for BSD- or MS-compatible name lister (nm)
configure:7146: result: /usr/bin/nm -B
configure:7276: checking the name lister (/usr/bin/nm -B) interface
configure:7283: gcc -c -g -O2  conftest.c >&5
configure:7286: /usr/bin/nm -B "conftest.o"
configure:7289: output
0000000000000000 B some_variable
configure:7296: result: BSD nm
configure:7299: checking whether ln -s works
configure:7303: result: yes
configure:7311: checking the maximum length of command line arguments
configure:7442: result: 1572864
configure:7490: checking how to convert x86_64-pc-linux-gnu file names to x86_64-pc-linux-gnu format
configure:7530: result: func_convert_file_noop
configure:7537: checking how to convert x86_64-pc-linux-gnu file names to toolchain format
configure:7557: result: func_convert_file_noop
configure:7564: checking for /usr/bin/ld option to reload object files
configure:7571: result: -r
configure:7645: checking for objdump
configure:7661: found /usr/bin/objdump
configure:7672: result: objdump
configure:7704: checking how to recognize dependent libraries
configure:7904: result: pass_all
configure:7989: checking for dlltool
configure:8019: result: no
configure:8049: checking how to associate runtime and link libraries
configure:8076: result: printf %s\n
configure:8136: checking for ar
configure:8152: found /usr/bin/ar
configure:8163: result: ar
configure:8200: checking for archiver @FILE support
configure:8217: gcc -c -g -O2  conftest.c >&5
configure:8217: $? = 0
configure:8220: ar cru libconftest.a @conftest.lst >&5
configure:8223: $? = 0
configure:8228: ar cru libconftest.a @conftest.lst >&5
ar: conftest.o: No such file or directory
configure:8231: $? = 1
configure:8243: result: @
configure:8301: checking for strip
configure:8317: found /usr/bin/strip
configure:8328: result: strip
configure:8400: checking for ranlib
configure:8416: found /usr/bin/ranlib
configure:8427: result: ranlib
configure:8529: checking command to parse /usr/bin/nm -B output from gcc object
configure:8682: gcc -c -g -O2  conftest.c >&5
configure:8685: $? = 0
configure:8689: /usr/bin/nm -B conftest.o \| sed -n -e 's/^.*[ ]\([ABCDGIRSTW][ABCDGIRSTW]*\)[ ][ ]*\([_A-Za-z][_A-Za-z0-9]*\)$/\1 \2 \2/p' | sed '/ __gnu_lto/d' \> conftest.nm
configure:8692: $? = 0
configure:8758: gcc -o conftest -g -O2   conftest.c conftstm.o >&5
configure:8761: $? = 0
configure:8799: result: ok
configure:8846: checking for sysroot
configure:8876: result: no
configure:8883: checking for a working dd
configure:8921: result: /usr/bin/dd
configure:8925: checking how to truncate binary pipes
configure:8940: result: /usr/bin/dd bs=4096 count=1
configure:9076: gcc -c -g -O2  conftest.c >&5
configure:9079: $? = 0
configure:9269: checking for mt
configure:9299: result: no
configure:9319: checking if : is a manifest tool
configure:9325: : '-?'
configure:9333: result: no
configure:10007: checking for dlfcn.h
configure:10007: gcc -c -g -O2  conftest.c >&5
configure:10007: $? = 0
configure:10007: result: yes
configure:10273: checking for objdir
configure:10288: result: .libs
configure:10548: checking if gcc supports -fno-rtti -fno-exceptions
configure:10566: gcc -c -g -O2  -fno-rtti -fno-exceptions conftest.c >&5
cc1: warning: command-line option '-fno-rtti' is valid for C++/D/ObjC++ but not for C
configure:10570: $? = 0
configure:10583: result: no
configure:10941: checking for gcc option to produce PIC
configure:10948: result: -fPIC -DPIC
configure:10956: checking if gcc PIC flag -fPIC -DPIC works
configure:10974: gcc -c -g -O2  -fPIC -DPIC -DPIC conftest.c >&5
configure:10978: $? = 0
configure:10991: result: yes
configure:11020: checking if gcc static flag -static works
configure:11048: result: no
configure:11063: checking if gcc supports -c -o file.o
configure:11084: gcc -c -g -O2  -o out/conftest2.o conftest.c >&5
configure:11088: $? = 0
configure:11110: result: yes
configure:11118: checking if gcc supports -c -o file.o
configure:11165: result: yes
configure:11198: checking whether the gcc linker (/usr/bin/ld -m elf_x86_64) supports shared libraries
configure:12457: result: yes
configure:12494: checking whether -lc should be explicitly linked in
configure:12502: gcc -c -g -O2  conftest.c >&5
configure:12505: $? = 0
configure:12520: gcc -shared  -fPIC -DPIC conftest.o  -v -Wl,-soname -Wl,conftest -o conftest 2\>\&1 \| /usr/bin/grep  -lc  \>/dev/null 2\>\&1
configure:12523: $? = 0
configure:12537: result: no
configure:12697: checking dynamic linker characteristics
configure:13278: gcc -o conftest -g -O2   -Wl,-rpath -Wl,/foo conftest.c  >&5
configure:13278: $? = 0
configure:13518: result: GNU/Linux ld.so
configure:13640: checking how to hardcode library paths into programs
configure:13665: result: immediate
configure:14213: checking whether stripping libraries is possible
configure:14218: result: yes
configure:14253: checking if libtool supports shared libraries
configure:14255: result: yes
configure:14258: checking whether to build shared libraries
configure:14283: result: yes
configure:14286: checking whether to build static libraries
configure:14290: result: no
configure:14313: checking how to run the C++ preprocessor
configure:14340: g++ -E  conftest.cpp
configure:14340: $? = 0
configure:14354: g++ -E  conftest.cpp
conftest.cpp:28:10: fatal error: ac_nonexistent.h: No such file or directory
   28 | #include <ac_nonexistent.h>
      |          ^~~~~~~~~~~~~~~~~~
compilation terminated.
configure:14354: $? = 1
configure: failed program was:
| /* confdefs.h */
| #define PACKAGE_NAME "linux_media_player"
| #define PACKAGE_TARNAME "linux_media_player"
| #define PACKAGE_VERSION "4.16.0git.9954485"
| #define PACKAGE_STRING "linux_media_player 4.16.0git.9954485"
| #define PACKAGE_BUGREPORT "https://github.com/c4pt000/linux-media-player"
| #define PACKAGE_URL ""
| #define PACKAGE "linux_media_player"
| #define VERSION "4.16.0git.9954485"
| #define STDC_HEADERS 1
| #define HAVE_SYS_TYPES_H 1
| #define HAVE_SYS_STAT_H 1
| #define HAVE_STDLIB_H 1
| #define HAVE_STRING_H 1
| #define HAVE_MEMORY_H 1
| #define HAVE_STRINGS_H 1
| #define HAVE_INTTYPES_H 1
| #define HAVE_STDINT_H 1
| #define HAVE_UNISTD_H 1
| #define __EXTENSIONS__ 1
| #define _ALL_SOURCE 1
| #define _GNU_SOURCE 1
| #define _POSIX_PTHREAD_SEMANTICS 1
| #define _TANDEM_SOURCE 1
| #define HAVE_DLFCN_H 1
| #define LT_OBJDIR ".libs/"
| /* end confdefs.h.  */
| #include <ac_nonexistent.h>
configure:14379: result: g++ -E
configure:14399: g++ -E  conftest.cpp
configure:14399: $? = 0
configure:14413: g++ -E  conftest.cpp
conftest.cpp:28:10: fatal error: ac_nonexistent.h: No such file or directory
   28 | #include <ac_nonexistent.h>
      |          ^~~~~~~~~~~~~~~~~~
compilation terminated.
configure:14413: $? = 1
configure: failed program was:
| /* confdefs.h */
| #define PACKAGE_NAME "linux_media_player"
| #define PACKAGE_TARNAME "linux_media_player"
| #define PACKAGE_VERSION "4.16.0git.9954485"
| #define PACKAGE_STRING "linux_media_player 4.16.0git.9954485"
| #define PACKAGE_BUGREPORT "https://github.com/c4pt000/linux-media-player"
| #define PACKAGE_URL ""
| #define PACKAGE "linux_media_player"
| #define VERSION "4.16.0git.9954485"
| #define STDC_HEADERS 1
| #define HAVE_SYS_TYPES_H 1
| #define HAVE_SYS_STAT_H 1
| #define HAVE_STDLIB_H 1
| #define HAVE_STRING_H 1
| #define HAVE_MEMORY_H 1
| #define HAVE_STRINGS_H 1
| #define HAVE_INTTYPES_H 1
| #define HAVE_STDINT_H 1
| #define HAVE_UNISTD_H 1
| #define __EXTENSIONS__ 1
| #define _ALL_SOURCE 1
| #define _GNU_SOURCE 1
| #define _POSIX_PTHREAD_SEMANTICS 1
| #define _TANDEM_SOURCE 1
| #define HAVE_DLFCN_H 1
| #define LT_OBJDIR ".libs/"
| /* end confdefs.h.  */
| #include <ac_nonexistent.h>
configure:14575: checking for ld used by g++
configure:14642: result: /usr/bin/ld -m elf_x86_64
configure:14649: checking if the linker (/usr/bin/ld -m elf_x86_64) is GNU ld
configure:14664: result: yes
configure:14719: checking whether the g++ linker (/usr/bin/ld -m elf_x86_64) supports shared libraries
configure:15792: result: yes
configure:15828: g++ -c -g -O2  conftest.cpp >&5
configure:15831: $? = 0
configure:16312: checking for g++ option to produce PIC
configure:16319: result: -fPIC -DPIC
configure:16327: checking if g++ PIC flag -fPIC -DPIC works
configure:16345: g++ -c -g -O2  -fPIC -DPIC -DPIC conftest.cpp >&5
configure:16349: $? = 0
configure:16362: result: yes
configure:16385: checking if g++ static flag -static works
configure:16413: result: no
configure:16425: checking if g++ supports -c -o file.o
configure:16446: g++ -c -g -O2  -o out/conftest2.o conftest.cpp >&5
configure:16450: $? = 0
configure:16472: result: yes
configure:16477: checking if g++ supports -c -o file.o
configure:16524: result: yes
configure:16554: checking whether the g++ linker (/usr/bin/ld -m elf_x86_64) supports shared libraries
configure:16594: result: yes
configure:16735: checking dynamic linker characteristics
configure:17483: result: GNU/Linux ld.so
configure:17548: checking how to hardcode library paths into programs
configure:17573: result: immediate
configure:17635: creating ./config.lt

## ------------------ ##
## Running config.lt. ##
## ------------------ ##
config.lt:683: creating libtool
configure:19219: checking errno.h usability
configure:19219: gcc -c -g -O2  conftest.c >&5
configure:19219: $? = 0
configure:19219: result: yes
configure:19219: checking errno.h presence
configure:19219: gcc -E  conftest.c
configure:19219: $? = 0
configure:19219: result: yes
configure:19219: checking for errno.h
configure:19219: result: yes
configure:19219: checking signal.h usability
configure:19219: gcc -c -g -O2  conftest.c >&5
configure:19219: $? = 0
configure:19219: result: yes
configure:19219: checking signal.h presence
configure:19219: gcc -E  conftest.c
configure:19219: $? = 0
configure:19219: result: yes
configure:19219: checking for signal.h
configure:19219: result: yes
configure:19219: checking stddef.h usability
configure:19219: gcc -c -g -O2  conftest.c >&5
configure:19219: $? = 0
configure:19219: result: yes
configure:19219: checking stddef.h presence
configure:19219: gcc -E  conftest.c
configure:19219: $? = 0
configure:19219: result: yes
configure:19219: checking for stddef.h
configure:19219: result: yes
configure:19219: checking sys/ioctl.h usability
configure:19219: gcc -c -g -O2  conftest.c >&5
configure:19219: $? = 0
configure:19219: result: yes
configure:19219: checking sys/ioctl.h presence
configure:19219: gcc -E  conftest.c
configure:19219: $? = 0
configure:19219: result: yes
configure:19219: checking for sys/ioctl.h
configure:19219: result: yes
configure:19219: checking fcntl.h usability
configure:19219: gcc -c -g -O2  conftest.c >&5
configure:19219: $? = 0
configure:19219: result: yes
configure:19219: checking fcntl.h presence
configure:19219: gcc -E  conftest.c
configure:19219: $? = 0
configure:19219: result: yes
configure:19219: checking for fcntl.h
configure:19219: result: yes
configure:19219: checking for string.h
configure:19219: result: yes
configure:19219: checking for sys/stat.h
configure:19219: result: yes
configure:19219: checking for sys/types.h
configure:19219: result: yes
configure:19219: checking sys/wait.h usability
configure:19219: gcc -c -g -O2  conftest.c >&5
configure:19219: $? = 0
configure:19219: result: yes
configure:19219: checking sys/wait.h presence
configure:19219: gcc -E  conftest.c
configure:19219: $? = 0
configure:19219: result: yes
configure:19219: checking for sys/wait.h
configure:19219: result: yes
configure:19219: checking time.h usability
configure:19219: gcc -c -g -O2  conftest.c >&5
configure:19219: $? = 0
configure:19219: result: yes
configure:19219: checking time.h presence
configure:19219: gcc -E  conftest.c
configure:19219: $? = 0
configure:19219: result: yes
configure:19219: checking for time.h
configure:19219: result: yes
configure:19219: checking for unistd.h
configure:19219: result: yes
configure:19247: checking locale.h usability
configure:19247: gcc -c -g -O2  conftest.c >&5
configure:19247: $? = 0
configure:19247: result: yes
configure:19247: checking locale.h presence
configure:19247: gcc -E  conftest.c
configure:19247: $? = 0
configure:19247: result: yes
configure:19247: checking for locale.h
configure:19247: result: yes
configure:19258: checking for LC_MESSAGES
configure:19274: gcc -o conftest -g -O2   conftest.c  >&5
configure:19274: $? = 0
configure:19282: result: yes
configure:19300: checking for CFPreferencesCopyAppValue
configure:19318: gcc -o conftest -g -O2   conftest.c  -Wl,-framework -Wl,CoreFoundation >&5
conftest.c:43:10: fatal error: CoreFoundation/CFPreferences.h: No such file or directory
   43 | #include <CoreFoundation/CFPreferences.h>
      |          ^~~~~~~~~~~~~~~~~~~~~~~~~~~~~~~~
compilation terminated.
configure:19318: $? = 1
configure: failed program was:
| /* confdefs.h */
| #define PACKAGE_NAME "linux_media_player"
| #define PACKAGE_TARNAME "linux_media_player"
| #define PACKAGE_VERSION "4.16.0git.9954485"
| #define PACKAGE_STRING "linux_media_player 4.16.0git.9954485"
| #define PACKAGE_BUGREPORT "https://github.com/c4pt000/linux-media-player"
| #define PACKAGE_URL ""
| #define PACKAGE "linux_media_player"
| #define VERSION "4.16.0git.9954485"
| #define STDC_HEADERS 1
| #define HAVE_SYS_TYPES_H 1
| #define HAVE_SYS_STAT_H 1
| #define HAVE_STDLIB_H 1
| #define HAVE_STRING_H 1
| #define HAVE_MEMORY_H 1
| #define HAVE_STRINGS_H 1
| #define HAVE_INTTYPES_H 1
| #define HAVE_STDINT_H 1
| #define HAVE_UNISTD_H 1
| #define __EXTENSIONS__ 1
| #define _ALL_SOURCE 1
| #define _GNU_SOURCE 1
| #define _POSIX_PTHREAD_SEMANTICS 1
| #define _TANDEM_SOURCE 1
| #define HAVE_DLFCN_H 1
| #define LT_OBJDIR ".libs/"
| #define PAROLE_VERSION_SHORT "4.16"
| #define HAVE_ERRNO_H 1
| #define HAVE_SIGNAL_H 1
| #define HAVE_STDDEF_H 1
| #define HAVE_SYS_IOCTL_H 1
| #define HAVE_FCNTL_H 1
| #define HAVE_STRING_H 1
| #define HAVE_SYS_STAT_H 1
| #define HAVE_SYS_TYPES_H 1
| #define HAVE_SYS_WAIT_H 1
| #define HAVE_TIME_H 1
| #define HAVE_UNISTD_H 1
| #define GETTEXT_PACKAGE "linux_media_player"
| #define HAVE_LOCALE_H 1
| #define HAVE_LC_MESSAGES 1
| /* end confdefs.h.  */
| #include <CoreFoundation/CFPreferences.h>
| int
| main ()
| {
| CFPreferencesCopyAppValue(NULL, NULL)
|   ;
|   return 0;
| }
configure:19327: result: no
configure:19334: checking for CFLocaleCopyCurrent
configure:19352: gcc -o conftest -g -O2   conftest.c  -Wl,-framework -Wl,CoreFoundation >&5
conftest.c:43:10: fatal error: CoreFoundation/CFLocale.h: No such file or directory
   43 | #include <CoreFoundation/CFLocale.h>
      |          ^~~~~~~~~~~~~~~~~~~~~~~~~~~
compilation terminated.
configure:19352: $? = 1
configure: failed program was:
| /* confdefs.h */
| #define PACKAGE_NAME "linux_media_player"
| #define PACKAGE_TARNAME "linux_media_player"
| #define PACKAGE_VERSION "4.16.0git.9954485"
| #define PACKAGE_STRING "linux_media_player 4.16.0git.9954485"
| #define PACKAGE_BUGREPORT "https://github.com/c4pt000/linux-media-player"
| #define PACKAGE_URL ""
| #define PACKAGE "linux_media_player"
| #define VERSION "4.16.0git.9954485"
| #define STDC_HEADERS 1
| #define HAVE_SYS_TYPES_H 1
| #define HAVE_SYS_STAT_H 1
| #define HAVE_STDLIB_H 1
| #define HAVE_STRING_H 1
| #define HAVE_MEMORY_H 1
| #define HAVE_STRINGS_H 1
| #define HAVE_INTTYPES_H 1
| #define HAVE_STDINT_H 1
| #define HAVE_UNISTD_H 1
| #define __EXTENSIONS__ 1
| #define _ALL_SOURCE 1
| #define _GNU_SOURCE 1
| #define _POSIX_PTHREAD_SEMANTICS 1
| #define _TANDEM_SOURCE 1
| #define HAVE_DLFCN_H 1
| #define LT_OBJDIR ".libs/"
| #define PAROLE_VERSION_SHORT "4.16"
| #define HAVE_ERRNO_H 1
| #define HAVE_SIGNAL_H 1
| #define HAVE_STDDEF_H 1
| #define HAVE_SYS_IOCTL_H 1
| #define HAVE_FCNTL_H 1
| #define HAVE_STRING_H 1
| #define HAVE_SYS_STAT_H 1
| #define HAVE_SYS_TYPES_H 1
| #define HAVE_SYS_WAIT_H 1
| #define HAVE_TIME_H 1
| #define HAVE_UNISTD_H 1
| #define GETTEXT_PACKAGE "linux_media_player"
| #define HAVE_LOCALE_H 1
| #define HAVE_LC_MESSAGES 1
| /* end confdefs.h.  */
| #include <CoreFoundation/CFLocale.h>
| int
| main ()
| {
| CFLocaleCopyCurrent();
|   ;
|   return 0;
| }
configure:19361: result: no
configure:19375: checking libintl.h usability
configure:19375: gcc -c -g -O2  conftest.c >&5
configure:19375: $? = 0
configure:19375: result: yes
configure:19375: checking libintl.h presence
configure:19375: gcc -E  conftest.c
configure:19375: $? = 0
configure:19375: result: yes
configure:19375: checking for libintl.h
configure:19375: result: yes
configure:19383: checking for ngettext in libc
configure:19401: gcc -o conftest -g -O2   conftest.c  >&5
configure:19401: $? = 0
configure:19410: result: yes
configure:19414: checking for dgettext in libc
configure:19432: gcc -o conftest -g -O2   conftest.c  >&5
configure:19432: $? = 0
configure:19441: result: yes
configure:19448: checking for bind_textdomain_codeset
configure:19448: gcc -o conftest -g -O2   conftest.c  >&5
configure:19448: $? = 0
configure:19448: result: yes
configure:19724: checking for msgfmt
configure:19751: result: /usr/bin/msgfmt
configure:19762: checking for dcgettext
configure:19762: gcc -o conftest -g -O2   conftest.c   >&5
conftest.c:68:6: warning: conflicting types for built-in function 'dcgettext'; expected 'char *(const char *, const char *, int)' [-Wbuiltin-declaration-mismatch]
   68 | char dcgettext ();
      |      ^~~~~~~~~
configure:19762: $? = 0
configure:19762: result: yes
configure:19772: checking if msgfmt accepts -c
configure:19787: $MSGFMT -c -o /dev/null conftest.foo
conftest.foo:3: warning: header field 'Language' missing in header
configure:19790: $? = 0
configure:19792: result: yes
configure:19802: checking for gmsgfmt
configure:19833: result: /usr/bin/msgfmt
configure:19843: checking for xgettext
configure:19870: result: /usr/bin/xgettext
configure:19889: gcc -o conftest -g -O2   conftest.c   >&5
configure:19889: $? = 0
configure:19971: checking for catalogs to be installed
configure:19996: result:  ar ast be bg ca cs da de el en_AU en_GB es et eu fi fr gl he hr hu hy_AM hye id ie is it ja kk ko lt lv ms nb nl nn oc pl pt_BR pt ru sk sl sq sr sv te th tr ug uk zh_CN zh_TW
configure:20029: checking for bind_textdomain_codeset
configure:20029: result: yes
configure:20035: checking for locales directory
configure:20051: result: ${prefix}/share/locale
configure:20055: checking for additional xgettext flags
configure:20063: result: --keyword=Q_ --from-code=UTF-8
configure:20145: checking for pkg-config
configure:20163: found /usr/bin/pkg-config
configure:20175: result: /usr/bin/pkg-config
configure:20200: checking pkg-config is at least version 0.9.0
configure:20203: result: yes
configure:20225: checking for glib-2.0 >= 2.32.0
configure:20229: result: 2.68.2
configure:20232: checking GLIB_CFLAGS
configure:20235: result: -I/usr/include/glib-2.0 -I/usr/lib64/glib-2.0/include -I/usr/include/sysprof-4 -pthread 
configure:20238: checking GLIB_LIBS
configure:20241: result: -lglib-2.0 
configure:20340: checking for pkg-config
configure:20370: result: /usr/bin/pkg-config
configure:20395: checking pkg-config is at least version 0.9.0
configure:20398: result: yes
configure:20420: checking for gobject-2.0 >= 2.32.0
configure:20424: result: 2.68.2
configure:20427: checking GOBJECT_CFLAGS
configure:20430: result: -I/usr/include/glib-2.0 -I/usr/lib64/glib-2.0/include -I/usr/include/sysprof-4 -pthread 
configure:20433: checking GOBJECT_LIBS
configure:20436: result: -lgobject-2.0 -lglib-2.0 
configure:20535: checking for pkg-config
configure:20565: result: /usr/bin/pkg-config
configure:20590: checking pkg-config is at least version 0.9.0
configure:20593: result: yes
configure:20615: checking for gthread-2.0 >= 2.32.0
configure:20619: result: 2.68.2
configure:20622: checking GTHREAD_CFLAGS
configure:20625: result: -I/usr/include/glib-2.0 -I/usr/lib64/glib-2.0/include -I/usr/include/sysprof-4 -pthread 
configure:20628: checking GTHREAD_LIBS
configure:20631: result: -lgthread-2.0 -pthread -lglib-2.0 
configure:20730: checking for pkg-config
configure:20760: result: /usr/bin/pkg-config
configure:20785: checking pkg-config is at least version 0.9.0
configure:20788: result: yes
configure:20810: checking for gmodule-2.0 >= 2.32.0
configure:20814: result: 2.68.2
configure:20817: checking GMODULE_CFLAGS
configure:20820: result: -I/usr/include/glib-2.0 -I/usr/lib64/glib-2.0/include -I/usr/include/sysprof-4 -pthread 
configure:20823: checking GMODULE_LIBS
configure:20826: result: -Wl,--export-dynamic -lgmodule-2.0 -pthread -lglib-2.0 -lglib-2.0 
configure:20925: checking for pkg-config
configure:20955: result: /usr/bin/pkg-config
configure:20980: checking pkg-config is at least version 0.9.0
configure:20983: result: yes
configure:21005: checking for gio-2.0 >= 2.32.0
configure:21009: result: 2.68.2
configure:21012: checking GIO_CFLAGS
configure:21015: result: -I/usr/include/glib-2.0 -I/usr/lib64/glib-2.0/include -I/usr/include/sysprof-4 -I/usr/include/libmount -I/usr/include/blkid -pthread 
configure:21018: checking GIO_LIBS
configure:21021: result: -lgio-2.0 -lgobject-2.0 -lglib-2.0 
configure:21121: checking for pkg-config
configure:21151: result: /usr/bin/pkg-config
configure:21176: checking pkg-config is at least version 0.9.0
configure:21179: result: yes
configure:21201: checking for dbus-1 >= 0.60
configure:21205: result: 1.12.20
configure:21208: checking DBUS_CFLAGS
configure:21211: result: -I/usr/include/dbus-1.0 -I/usr/lib64/dbus-1.0/include 
configure:21214: checking DBUS_LIBS
configure:21217: result: -ldbus-1 
configure:21316: checking for pkg-config
configure:21346: result: /usr/bin/pkg-config
configure:21371: checking pkg-config is at least version 0.9.0
configure:21374: result: yes
configure:21396: checking for dbus-glib-1 >= 0.70
configure:21400: result: 0.110
configure:21403: checking DBUS_GLIB_CFLAGS
configure:21406: result: -I/usr/include/dbus-1.0 -I/usr/lib64/dbus-1.0/include -I/usr/include/glib-2.0 -I/usr/lib64/glib-2.0/include -I/usr/include/sysprof-4 -pthread 
configure:21409: checking DBUS_GLIB_LIBS
configure:21412: result: -ldbus-glib-1 -ldbus-1 -lgobject-2.0 -lglib-2.0 
configure:21512: checking for pkg-config
configure:21542: result: /usr/bin/pkg-config
configure:21567: checking pkg-config is at least version 0.9.0
configure:21570: result: yes
configure:21592: checking for libxfce4util-1.0 >= 4.10.0
configure:21596: result: 4.16.0
configure:21599: checking LIBXFCE4UTIL_CFLAGS
configure:21602: result: -I/usr/include/xfce4 -I/usr/include/glib-2.0 -I/usr/lib64/glib-2.0/include -I/usr/include/sysprof-4 -pthread 
configure:21605: checking LIBXFCE4UTIL_LIBS
configure:21608: result: -lxfce4util -lglib-2.0 
configure:21707: checking for pkg-config
configure:21737: result: /usr/bin/pkg-config
configure:21762: checking pkg-config is at least version 0.9.0
configure:21765: result: yes
configure:21787: checking for libxfconf-0 >= 4.10.0
configure:21791: result: 4.16.0
configure:21794: checking XFCONF_CFLAGS
configure:21797: result: -I/usr/include/xfce4/xfconf-0 -I/usr/include/glib-2.0 -I/usr/lib64/glib-2.0/include -I/usr/include/sysprof-4 -I/usr/include/libmount -I/usr/include/blkid -pthread 
configure:21800: checking XFCONF_LIBS
configure:21803: result: -lxfconf-0 -lgio-2.0 -lgobject-2.0 -lglib-2.0 
configure:21903: checking for pkg-config
configure:21933: result: /usr/bin/pkg-config
configure:21958: checking pkg-config is at least version 0.9.0
configure:21961: result: yes
configure:21983: checking for libxfce4ui-2 >= 4.11.0
configure:21987: result: 4.16.0
configure:21990: checking LIBXFCE4UI_CFLAGS
configure:21993: result: -I/usr/include/xfce4/libxfce4ui-2 -I/usr/include/gtk-3.0 -I/usr/include/pango-1.0 -I/usr/include/glib-2.0 -I/usr/lib64/glib-2.0/include -I/usr/include/sysprof-4 -I/usr/include/harfbuzz -I/usr/include/freetype2 -I/usr/include/libpng16 -I/usr/include/libmount -I/usr/include/blkid -I/usr/include/fribidi -I/usr/include/libxml2 -I/usr/include/cairo -I/usr/include/pixman-1 -I/usr/include/gdk-pixbuf-2.0 -I/usr/include/gio-unix-2.0 -I/usr/include/cloudproviders -I/usr/include/atk-1.0 -I/usr/include/at-spi2-atk/2.0 -I/usr/include/dbus-1.0 -I/usr/lib64/dbus-1.0/include -I/usr/include/at-spi-2.0 -I/usr/include/xfce4 -pthread 
configure:21996: checking LIBXFCE4UI_LIBS
configure:21999: result: -lxfce4ui-2 -lgtk-3 -lgdk-3 -lpangocairo-1.0 -lpango-1.0 -lharfbuzz -latk-1.0 -lcairo-gobject -lcairo -lgdk_pixbuf-2.0 -lgio-2.0 -lgobject-2.0 -lxfce4util -lglib-2.0 
configure:22098: checking for pkg-config
configure:22128: result: /usr/bin/pkg-config
configure:22153: checking pkg-config is at least version 0.9.0
configure:22156: result: yes
configure:22178: checking for gtk+-3.0 >= 3.20.0
configure:22182: result: 3.24.29
configure:22185: checking GTK_CFLAGS
configure:22188: result: -I/usr/include/gtk-3.0 -I/usr/include/pango-1.0 -I/usr/include/glib-2.0 -I/usr/lib64/glib-2.0/include -I/usr/include/sysprof-4 -I/usr/include/harfbuzz -I/usr/include/freetype2 -I/usr/include/libpng16 -I/usr/include/libmount -I/usr/include/blkid -I/usr/include/fribidi -I/usr/include/libxml2 -I/usr/include/cairo -I/usr/include/pixman-1 -I/usr/include/gdk-pixbuf-2.0 -I/usr/include/gio-unix-2.0 -I/usr/include/cloudproviders -I/usr/include/atk-1.0 -I/usr/include/at-spi2-atk/2.0 -I/usr/include/dbus-1.0 -I/usr/lib64/dbus-1.0/include -I/usr/include/at-spi-2.0 -pthread 
configure:22191: checking GTK_LIBS
configure:22194: result: -lgtk-3 -lgdk-3 -lpangocairo-1.0 -lpango-1.0 -lharfbuzz -latk-1.0 -lcairo-gobject -lcairo -lgdk_pixbuf-2.0 -lgio-2.0 -lgobject-2.0 -lglib-2.0 
configure:22299: checking for pkg-config
configure:22329: result: /usr/bin/pkg-config
configure:22354: checking pkg-config is at least version 0.9.0
configure:22357: result: yes
configure:22379: checking for gstreamer-1.0 >= 1.0.0
configure:22383: result: 1.18.4
configure:22386: checking GST_CFLAGS
configure:22389: result: -I/usr/include/gstreamer-1.0 -I/usr/include/glib-2.0 -I/usr/lib64/glib-2.0/include -I/usr/include/sysprof-4 -pthread 
configure:22392: checking GST_LIBS
configure:22395: result: -lgstreamer-1.0 -lgobject-2.0 -lglib-2.0 
configure:22494: checking for pkg-config
configure:22524: result: /usr/bin/pkg-config
configure:22549: checking pkg-config is at least version 0.9.0
configure:22552: result: yes
configure:22574: checking for gstreamer-base-1.0 >= 1.0.0
configure:22578: result: 1.18.4
configure:22581: checking GST_BASE_CFLAGS
configure:22584: result: -I/usr/include/gstreamer-1.0 -I/usr/include/glib-2.0 -I/usr/lib64/glib-2.0/include -I/usr/include/sysprof-4 -pthread 
configure:22587: checking GST_BASE_LIBS
configure:22590: result: -lgstbase-1.0 -lgstreamer-1.0 -lgobject-2.0 -lglib-2.0 
configure:22689: checking for pkg-config
configure:22719: result: /usr/bin/pkg-config
configure:22744: checking pkg-config is at least version 0.9.0
configure:22747: result: yes
configure:22769: checking for gstreamer-video-1.0 >= 1.0.0
configure:22773: result: 1.18.4
configure:22776: checking GST_VIDEO_CFLAGS
configure:22779: result: -I/usr/include/gstreamer-1.0 -I/usr/include/glib-2.0 -I/usr/lib64/glib-2.0/include -I/usr/include/sysprof-4 -pthread -I/usr/include/orc-0.4 
configure:22782: checking GST_VIDEO_LIBS
configure:22785: result: -lgstvideo-1.0 -lgstbase-1.0 -lgstreamer-1.0 -lgobject-2.0 -lglib-2.0 
configure:22884: checking for pkg-config
configure:22914: result: /usr/bin/pkg-config
configure:22939: checking pkg-config is at least version 0.9.0
configure:22942: result: yes
configure:22964: checking for gstreamer-pbutils-1.0 >= 1.0.0
configure:22968: result: 1.18.4
configure:22971: checking GST_PBUTILS_CFLAGS
configure:22974: result: -I/usr/include/gstreamer-1.0 -I/usr/include/glib-2.0 -I/usr/lib64/glib-2.0/include -I/usr/include/sysprof-4 -I/usr/include/orc-0.4 -pthread 
configure:22977: checking GST_PBUTILS_LIBS
configure:22980: result: -lgstpbutils-1.0 -lgstaudio-1.0 -lgstvideo-1.0 -lgstbase-1.0 -lgsttag-1.0 -lgstreamer-1.0 -lgobject-2.0 -lglib-2.0 
configure:23021: checking for X
configure:23129: gcc -E  conftest.c
configure:23129: $? = 0
configure:23160: gcc -o conftest -g -O2   conftest.c -lX11  >&5
configure:23160: $? = 0
configure:23210: result: libraries , headers 
configure:23309: gcc -o conftest -g -O2   conftest.c   -lX11 >&5
configure:23309: $? = 0
configure:23407: checking for gethostbyname
configure:23407: gcc -o conftest -g -O2   conftest.c  >&5
configure:23407: $? = 0
configure:23407: result: yes
configure:23504: checking for connect
configure:23504: gcc -o conftest -g -O2   conftest.c  >&5
configure:23504: $? = 0
configure:23504: result: yes
configure:23553: checking for remove
configure:23553: gcc -o conftest -g -O2   conftest.c  >&5
configure:23553: $? = 0
configure:23553: result: yes
configure:23602: checking for shmat
configure:23602: gcc -o conftest -g -O2   conftest.c  >&5
configure:23602: $? = 0
configure:23602: result: yes
configure:23660: checking for IceConnectionNumber in -lICE
configure:23685: gcc -o conftest -g -O2   conftest.c -lICE   >&5
configure:23685: $? = 0
configure:23694: result: yes
configure:23709: checking for main in -lX11
configure:23728: gcc -o conftest -g -O2   conftest.c -lX11   -lSM -lICE    >&5
configure:23728: $? = 0
configure:23737: result: yes
configure:23797: checking whether XF86XK_AudioPlay is declared
configure:23797: gcc -c -g -O2  conftest.c >&5
configure:23797: $? = 0
configure:23797: result: yes
configure:23874: checking for pkg-config
configure:23904: result: /usr/bin/pkg-config
configure:23929: checking pkg-config is at least version 0.9.0
configure:23932: result: yes
configure:23954: checking for gtk+-3.0 >= 3.22.0
configure:23958: result: 3.24.29
configure:23961: checking GTK_CFLAGS
configure:23964: result: -I/usr/include/gtk-3.0 -I/usr/include/pango-1.0 -I/usr/include/glib-2.0 -I/usr/lib64/glib-2.0/include -I/usr/include/sysprof-4 -I/usr/include/harfbuzz -I/usr/include/freetype2 -I/usr/include/libpng16 -I/usr/include/libmount -I/usr/include/blkid -I/usr/include/fribidi -I/usr/include/libxml2 -I/usr/include/cairo -I/usr/include/pixman-1 -I/usr/include/gdk-pixbuf-2.0 -I/usr/include/gio-unix-2.0 -I/usr/include/cloudproviders -I/usr/include/atk-1.0 -I/usr/include/at-spi2-atk/2.0 -I/usr/include/dbus-1.0 -I/usr/lib64/dbus-1.0/include -I/usr/include/at-spi-2.0 -pthread 
configure:23967: checking GTK_LIBS
configure:23970: result: -lgtk-3 -lgdk-3 -lpangocairo-1.0 -lpango-1.0 -lharfbuzz -latk-1.0 -lcairo-gobject -lcairo -lgdk_pixbuf-2.0 -lgio-2.0 -lgobject-2.0 -lglib-2.0 
configure:24010: checking whether to build the clutter backend
configure:24020: result: blacklisted
configure:24495: checking for pkg-config
configure:24525: result: /usr/bin/pkg-config
configure:24550: checking pkg-config is at least version 0.9.0
configure:24553: result: yes
configure:24575: checking for taglib >= 1.4
configure:24579: result: 1.12
configure:24582: checking TAGLIB_CFLAGS
configure:24585: result: -I/usr/include/taglib 
configure:24588: checking TAGLIB_LIBS
configure:24591: result: -ltag 
configure:24661: checking for taglib_file_new in -ltag_c
configure:24686: gcc -o conftest -g -O2   conftest.c -ltag_c   >&5
configure:24686: $? = 0
configure:24695: result: yes
configure:24699: checking taglib/tag_c.h usability
configure:24699: gcc -c -g -O2  conftest.c >&5
configure:24699: $? = 0
configure:24699: result: yes
configure:24699: checking taglib/tag_c.h presence
configure:24699: gcc -E  conftest.c
configure:24699: $? = 0
configure:24699: result: yes
configure:24699: checking for taglib/tag_c.h
configure:24699: result: yes
configure:24732: checking whether to build the notification plugin
configure:24742: result: yes
configure:24807: checking for pkg-config
configure:24837: result: /usr/bin/pkg-config
configure:24862: checking pkg-config is at least version 0.9.0
configure:24865: result: yes
configure:24887: checking for libnotify >= 0.4.1
configure:24891: result: 0.7.9
configure:24894: checking LIBNOTIFY_CFLAGS
configure:24897: result: -I/usr/include/gdk-pixbuf-2.0 -I/usr/include/glib-2.0 -I/usr/lib64/glib-2.0/include -I/usr/include/sysprof-4 -I/usr/include/libpng16 -I/usr/include/libmount -I/usr/include/blkid -pthread 
configure:24900: checking LIBNOTIFY_LIBS
configure:24903: result: -lnotify -lgdk_pixbuf-2.0 -lgio-2.0 -lgobject-2.0 -lglib-2.0 
configure:24953: checking whether to build the system tray plugin
configure:24963: result: yes
configure:24975: checking whether to build the mpris2 plugin
configure:24985: result: yes
configure:25000: checking whether to build with debugging support
configure:25081: result: minimum
configure:25094: checking for gtk-doc
configure:25097: $PKG_CONFIG --exists --print-errors "$gtk_doc_requires"
configure:25100: $? = 0
configure:25106: result: yes
configure:25120: checking for gtkdoc-check
configure:25136: found /usr/bin/gtkdoc-check
configure:25147: result: gtkdoc-check.test
configure:25157: checking for gtkdoc-check
configure:25175: found /usr/bin/gtkdoc-check
configure:25187: result: /usr/bin/gtkdoc-check
configure:25199: checking for gtkdoc-rebase
configure:25217: found /usr/bin/gtkdoc-rebase
configure:25229: result: /usr/bin/gtkdoc-rebase
configure:25243: checking for gtkdoc-mkpdf
configure:25261: found /usr/bin/gtkdoc-mkpdf
configure:25273: result: /usr/bin/gtkdoc-mkpdf
configure:25301: checking whether to build gtk-doc documentation
configure:25303: result: no
configure:25316: checking for GTKDOC_DEPS
configure:25323: $PKG_CONFIG --exists --print-errors "glib-2.0 >= 2.10.0 gobject-2.0  >= 2.10.0"
configure:25326: $? = 0
configure:25340: $PKG_CONFIG --exists --print-errors "glib-2.0 >= 2.10.0 gobject-2.0  >= 2.10.0"
configure:25343: $? = 0
configure:25381: result: yes
configure:25564: checking that generated files are newer than configure
configure:25570: result: done
configure:25661: creating ./config.status

## ---------------------- ##
## Running config.status. ##
## ---------------------- ##

This file was extended by linux_media_player config.status 4.16.0git.9954485, which was
generated by GNU Autoconf 2.69.  Invocation command line was

  CONFIG_FILES    = 
  CONFIG_HEADERS  = 
  CONFIG_LINKS    = 
  CONFIG_COMMANDS = 
  $ ./config.status 

on fedora

config.status:1420: creating Makefile
config.status:1420: creating data/Makefile
config.status:1420: creating data/pixmaps/Makefile
config.status:1420: creating data/interfaces/Makefile
config.status:1420: creating data/icons/Makefile
config.status:1420: creating data/icons/16x16/Makefile
config.status:1420: creating data/icons/24x24/Makefile
config.status:1420: creating data/icons/48x48/Makefile
config.status:1420: creating data/icons/128x128/Makefile
config.status:1420: creating data/icons/scalable/Makefile
config.status:1420: creating data/mime/Makefile
config.status:1420: creating data/desktop/Makefile
config.status:1420: creating data/metainfo/Makefile
config.status:1420: creating src/Makefile
config.status:1420: creating src/misc/Makefile
config.status:1420: creating src/misc/parole.h
config.status:1420: creating src/common/Makefile
config.status:1420: creating src/gst/Makefile
config.status:1420: creating src/dbus/Makefile
config.status:1420: creating src/plugins/Makefile
config.status:1420: creating src/plugins/sample/Makefile
config.status:1420: creating src/plugins/notify/Makefile
config.status:1420: creating src/plugins/tray/Makefile
config.status:1420: creating src/plugins/mpris2/Makefile
config.status:1420: creating docs/Makefile
config.status:1420: creating docs/plugin-api/version.xml
config.status:1420: creating docs/plugin-api/Makefile
config.status:1420: creating po/Makefile.in
config.status:1420: creating config.h
config.status:1601: config.h is unchanged
config.status:1649: executing depfiles commands
config.status:1726: cd src       && sed -e '/# am--include-marker/d' Makefile         | make -f - am--depfiles
make: Nothing to be done for 'am--depfiles'.
config.status:1731: $? = 0
config.status:1726: cd src/misc       && sed -e '/# am--include-marker/d' Makefile         | make -f - am--depfiles
make: Nothing to be done for 'am--depfiles'.
config.status:1731: $? = 0
config.status:1726: cd src/common       && sed -e '/# am--include-marker/d' Makefile         | make -f - am--depfiles
make: Nothing to be done for 'am--depfiles'.
config.status:1731: $? = 0
config.status:1726: cd src/gst       && sed -e '/# am--include-marker/d' Makefile         | make -f - am--depfiles
make: Nothing to be done for 'am--depfiles'.
config.status:1731: $? = 0
config.status:1726: cd src/dbus       && sed -e '/# am--include-marker/d' Makefile         | make -f - am--depfiles
make: Nothing to be done for 'am--depfiles'.
config.status:1731: $? = 0
config.status:1726: cd src/plugins/sample       && sed -e '/# am--include-marker/d' Makefile         | make -f - am--depfiles
make: Nothing to be done for 'am--depfiles'.
config.status:1731: $? = 0
config.status:1726: cd src/plugins/notify       && sed -e '/# am--include-marker/d' Makefile         | make -f - am--depfiles
make: Nothing to be done for 'am--depfiles'.
config.status:1731: $? = 0
config.status:1726: cd src/plugins/tray       && sed -e '/# am--include-marker/d' Makefile         | make -f - am--depfiles
make: Nothing to be done for 'am--depfiles'.
config.status:1731: $? = 0
config.status:1726: cd src/plugins/mpris2       && sed -e '/# am--include-marker/d' Makefile         | make -f - am--depfiles
make: Nothing to be done for 'am--depfiles'.
config.status:1731: $? = 0
config.status:1649: executing libtool commands
config.status:1649: executing default-1 commands
config.status:1649: executing po/stamp-it commands

## ---------------- ##
## Cache variables. ##
## ---------------- ##

ac_cv_build=x86_64-pc-linux-gnu
ac_cv_c_compiler_gnu=yes
ac_cv_cxx_compiler_gnu=yes
ac_cv_env_CCC_set=
ac_cv_env_CCC_value=
ac_cv_env_CC_set=
ac_cv_env_CC_value=
ac_cv_env_CFLAGS_set=
ac_cv_env_CFLAGS_value=
ac_cv_env_CPPFLAGS_set=
ac_cv_env_CPPFLAGS_value=
ac_cv_env_CPP_set=
ac_cv_env_CPP_value=
ac_cv_env_CXXCPP_set=
ac_cv_env_CXXCPP_value=
ac_cv_env_CXXFLAGS_set=
ac_cv_env_CXXFLAGS_value=
ac_cv_env_CXX_set=
ac_cv_env_CXX_value=
ac_cv_env_GTKDOC_DEPS_CFLAGS_set=
ac_cv_env_GTKDOC_DEPS_CFLAGS_value=
ac_cv_env_GTKDOC_DEPS_LIBS_set=
ac_cv_env_GTKDOC_DEPS_LIBS_value=
ac_cv_env_LDFLAGS_set=
ac_cv_env_LDFLAGS_value=
ac_cv_env_LIBS_set=
ac_cv_env_LIBS_value=
ac_cv_env_LT_SYS_LIBRARY_PATH_set=
ac_cv_env_LT_SYS_LIBRARY_PATH_value=
ac_cv_env_PKG_CONFIG_LIBDIR_set=
ac_cv_env_PKG_CONFIG_LIBDIR_value=
ac_cv_env_PKG_CONFIG_PATH_set=
ac_cv_env_PKG_CONFIG_PATH_value=
ac_cv_env_PKG_CONFIG_set=
ac_cv_env_PKG_CONFIG_value=
ac_cv_env_XMKMF_set=
ac_cv_env_XMKMF_value=
ac_cv_env_build_alias_set=
ac_cv_env_build_alias_value=
ac_cv_env_host_alias_set=
ac_cv_env_host_alias_value=
ac_cv_env_target_alias_set=
ac_cv_env_target_alias_value=
ac_cv_func_bind_textdomain_codeset=yes
ac_cv_func_connect=yes
ac_cv_func_dcgettext=yes
ac_cv_func_gethostbyname=yes
ac_cv_func_remove=yes
ac_cv_func_shmat=yes
ac_cv_have_decl_XF86XK_AudioPlay=yes
ac_cv_have_x='have_x=yes	ac_x_includes='\'''\''	ac_x_libraries='\'''\'''
ac_cv_header_dlfcn_h=yes
ac_cv_header_errno_h=yes
ac_cv_header_fcntl_h=yes
ac_cv_header_inttypes_h=yes
ac_cv_header_libintl_h=yes
ac_cv_header_locale_h=yes
ac_cv_header_memory_h=yes
ac_cv_header_minix_config_h=no
ac_cv_header_signal_h=yes
ac_cv_header_stdc=yes
ac_cv_header_stddef_h=yes
ac_cv_header_stdint_h=yes
ac_cv_header_stdlib_h=yes
ac_cv_header_string_h=yes
ac_cv_header_strings_h=yes
ac_cv_header_sys_ioctl_h=yes
ac_cv_header_sys_stat_h=yes
ac_cv_header_sys_types_h=yes
ac_cv_header_sys_wait_h=yes
ac_cv_header_taglib_tag_c_h=yes
ac_cv_header_time_h=yes
ac_cv_header_unistd_h=yes
ac_cv_host=x86_64-pc-linux-gnu
ac_cv_lib_ICE_IceConnectionNumber=yes
ac_cv_lib_X11_main=yes
ac_cv_lib_tag_c_taglib_file_new=yes
ac_cv_objext=o
ac_cv_path_EGREP='/usr/bin/grep -E'
ac_cv_path_FGREP='/usr/bin/grep -F'
ac_cv_path_GMSGFMT=/usr/bin/msgfmt
ac_cv_path_GREP=/usr/bin/grep
ac_cv_path_GTKDOC_CHECK_PATH=/usr/bin/gtkdoc-check
ac_cv_path_GTKDOC_MKPDF=/usr/bin/gtkdoc-mkpdf
ac_cv_path_GTKDOC_REBASE=/usr/bin/gtkdoc-rebase
ac_cv_path_INTLTOOL_EXTRACT=/usr/bin/intltool-extract
ac_cv_path_INTLTOOL_MERGE=/usr/bin/intltool-merge
ac_cv_path_INTLTOOL_PERL=/usr/bin/perl
ac_cv_path_INTLTOOL_UPDATE=/usr/bin/intltool-update
ac_cv_path_MSGFMT=/usr/bin/msgfmt
ac_cv_path_MSGMERGE=/usr/bin/msgmerge
ac_cv_path_SED=/usr/bin/sed
ac_cv_path_XGETTEXT=/usr/bin/xgettext
ac_cv_path_ac_pt_PKG_CONFIG=/usr/bin/pkg-config
ac_cv_path_install='/usr/bin/install -c'
ac_cv_path_lt_DD=/usr/bin/dd
ac_cv_path_mkdir=/usr/bin/mkdir
ac_cv_prog_AWK=gawk
ac_cv_prog_CPP='gcc -E'
ac_cv_prog_CXXCPP='g++ -E'
ac_cv_prog_GTKDOC_CHECK=gtkdoc-check.test
ac_cv_prog_ac_ct_AR=ar
ac_cv_prog_ac_ct_CC=gcc
ac_cv_prog_ac_ct_CXX=g++
ac_cv_prog_ac_ct_OBJDUMP=objdump
ac_cv_prog_ac_ct_RANLIB=ranlib
ac_cv_prog_ac_ct_STRIP=strip
ac_cv_prog_cc_c89=
ac_cv_prog_cc_g=yes
ac_cv_prog_cxx_g=yes
ac_cv_prog_make_make_set=yes
ac_cv_safe_to_define___extensions__=yes
am_cv_CC_dependencies_compiler_type=gcc3
am_cv_CXX_dependencies_compiler_type=gcc3
am_cv_make_support_nested_variables=yes
am_cv_prog_cc_c_o=yes
am_cv_prog_tar_ustar=gnutar
am_cv_val_LC_MESSAGES=yes
gt_cv_func_CFLocaleCopyCurrent=no
gt_cv_func_CFPreferencesCopyAppValue=no
gt_cv_func_dgettext_libc=yes
gt_cv_func_dgettext_libintl=no
gt_cv_func_ngettext_libc=yes
gt_cv_have_gettext=yes
lt_cv_ar_at_file=@
lt_cv_archive_cmds_need_lc=no
lt_cv_deplibs_check_method=pass_all
lt_cv_file_magic_cmd='$MAGIC_CMD'
lt_cv_file_magic_test_file=
lt_cv_ld_reload_flag=-r
lt_cv_nm_interface='BSD nm'
lt_cv_objdir=.libs
lt_cv_path_LD=/usr/bin/ld
lt_cv_path_LDCXX='/usr/bin/ld -m elf_x86_64'
lt_cv_path_NM='/usr/bin/nm -B'
lt_cv_path_mainfest_tool=no
lt_cv_prog_compiler_c_o=yes
lt_cv_prog_compiler_c_o_CXX=yes
lt_cv_prog_compiler_pic='-fPIC -DPIC'
lt_cv_prog_compiler_pic_CXX='-fPIC -DPIC'
lt_cv_prog_compiler_pic_works=yes
lt_cv_prog_compiler_pic_works_CXX=yes
lt_cv_prog_compiler_rtti_exceptions=no
lt_cv_prog_compiler_static_works=no
lt_cv_prog_compiler_static_works_CXX=no
lt_cv_prog_gnu_ld=yes
lt_cv_prog_gnu_ldcxx=yes
lt_cv_sharedlib_from_linklib_cmd='printf %s\n'
lt_cv_shlibpath_overrides_runpath=no
lt_cv_sys_global_symbol_pipe='sed -n -e '\''s/^.*[	 ]\([ABCDGIRSTW][ABCDGIRSTW]*\)[	 ][	 ]*\([_A-Za-z][_A-Za-z0-9]*\)$/\1 \2 \2/p'\'' | sed '\''/ __gnu_lto/d'\'''
lt_cv_sys_global_symbol_to_c_name_address='sed -n -e '\''s/^: \(.*\) .*$/  {"\1", (void *) 0},/p'\'' -e '\''s/^[ABCDGIRSTW][ABCDGIRSTW]* .* \(.*\)$/  {"\1", (void *) \&\1},/p'\'''
lt_cv_sys_global_symbol_to_c_name_address_lib_prefix='sed -n -e '\''s/^: \(.*\) .*$/  {"\1", (void *) 0},/p'\'' -e '\''s/^[ABCDGIRSTW][ABCDGIRSTW]* .* \(lib.*\)$/  {"\1", (void *) \&\1},/p'\'' -e '\''s/^[ABCDGIRSTW][ABCDGIRSTW]* .* \(.*\)$/  {"lib\1", (void *) \&\1},/p'\'''
lt_cv_sys_global_symbol_to_cdecl='sed -n -e '\''s/^T .* \(.*\)$/extern int \1();/p'\'' -e '\''s/^[ABCDGIRSTW][ABCDGIRSTW]* .* \(.*\)$/extern char \1;/p'\'''
lt_cv_sys_global_symbol_to_import=
lt_cv_sys_max_cmd_len=1572864
lt_cv_to_host_file_cmd=func_convert_file_noop
lt_cv_to_tool_file_cmd=func_convert_file_noop
lt_cv_truncate_bin='/usr/bin/dd bs=4096 count=1'
pkg_cv_GTKDOC_DEPS_CFLAGS='-I/usr/include/glib-2.0 -I/usr/lib64/glib-2.0/include -I/usr/include/sysprof-4 -pthread '
pkg_cv_GTKDOC_DEPS_LIBS='-lgobject-2.0 -lglib-2.0 '
xdt_cv_PKG_CONFIG_MIN_VERSION=0.9.0
xdt_cv_TAGLIB_check=yes

## ----------------- ##
## Output variables. ##
## ----------------- ##

ACLOCAL='${SHELL} /home/c4pt/opt/linux_media_player/missing aclocal-1.16'
ALL_LINGUAS='ar ast be bg ca cs da de el en_AU en_GB es et eu fi fr gl he hr hu hy_AM hye id ie is it ja kk ko lt lv ms nb nl nn oc pl pt_BR pt ru sk sl sq sr sv te th tr ug uk zh_CN zh_TW'
AMDEPBACKSLASH='\'
AMDEP_FALSE='#'
AMDEP_TRUE=''
AMTAR='$${TAR-tar}'
AM_BACKSLASH='\'
AM_DEFAULT_V='$(AM_DEFAULT_VERBOSITY)'
AM_DEFAULT_VERBOSITY='0'
AM_V='$(V)'
AR='ar'
AUTOCONF='${SHELL} /home/c4pt/opt/linux_media_player/missing autoconf'
AUTOHEADER='${SHELL} /home/c4pt/opt/linux_media_player/missing autoheader'
AUTOMAKE='${SHELL} /home/c4pt/opt/linux_media_player/missing automake-1.16'
AWK='gawk'
CATALOGS=' ar.gmo ast.gmo be.gmo bg.gmo ca.gmo cs.gmo da.gmo de.gmo el.gmo en_AU.gmo en_GB.gmo es.gmo et.gmo eu.gmo fi.gmo fr.gmo gl.gmo he.gmo hr.gmo hu.gmo hy_AM.gmo hye.gmo id.gmo ie.gmo is.gmo it.gmo ja.gmo kk.gmo ko.gmo lt.gmo lv.gmo ms.gmo nb.gmo nl.gmo nn.gmo oc.gmo pl.gmo pt_BR.gmo pt.gmo ru.gmo sk.gmo sl.gmo sq.gmo sr.gmo sv.gmo te.gmo th.gmo tr.gmo ug.gmo uk.gmo zh_CN.gmo zh_TW.gmo'
CATOBJEXT='.gmo'
CC='gcc'
CCDEPMODE='depmode=gcc3'
CFLAGS='-g -O2'
CLUTTERGTK_CFLAGS=''
CLUTTERGTK_LIBS=''
CLUTTERGTK_REQUIRED_VERSION=''
CLUTTERGTK_VERSION=''
CLUTTER_CFLAGS=''
CLUTTER_LIBS=''
CLUTTER_REQUIRED_VERSION=''
CLUTTER_VERSION=''
CPP='gcc -E'
CPPFLAGS=' -DNDEBUG'
CXX='g++'
CXXCPP='g++ -E'
CXXDEPMODE='depmode=gcc3'
CXXFLAGS='-g -O2'
CYGPATH_W='echo'
DATADIRNAME='share'
DBUS_CFLAGS='-I/usr/include/dbus-1.0 -I/usr/lib64/dbus-1.0/include '
DBUS_GLIB_CFLAGS='-I/usr/include/dbus-1.0 -I/usr/lib64/dbus-1.0/include -I/usr/include/glib-2.0 -I/usr/lib64/glib-2.0/include -I/usr/include/sysprof-4 -pthread '
DBUS_GLIB_LIBS='-ldbus-glib-1 -ldbus-1 -lgobject-2.0 -lglib-2.0 '
DBUS_GLIB_REQUIRED_VERSION='0.70'
DBUS_GLIB_VERSION='0.110'
DBUS_LIBS='-ldbus-1 '
DBUS_REQUIRED_VERSION='0.60'
DBUS_VERSION='1.12.20'
DEFS='-DHAVE_CONFIG_H'
DEPDIR='.deps'
DLLTOOL='false'
DSYMUTIL=''
DUMPBIN=''
ECHO_C=''
ECHO_N='-n'
ECHO_T=''
EGREP='/usr/bin/grep -E'
ENABLE_GTK_DOC_FALSE=''
ENABLE_GTK_DOC_TRUE='#'
EXEEXT=''
FGREP='/usr/bin/grep -F'
GETTEXT_PACKAGE='linux_media_player'
GIO_CFLAGS='-I/usr/include/glib-2.0 -I/usr/lib64/glib-2.0/include -I/usr/include/sysprof-4 -I/usr/include/libmount -I/usr/include/blkid -pthread '
GIO_LIBS='-lgio-2.0 -lgobject-2.0 -lglib-2.0 '
GIO_REQUIRED_VERSION='2.32.0'
GIO_VERSION='2.68.2'
GLIB_CFLAGS='-I/usr/include/glib-2.0 -I/usr/lib64/glib-2.0/include -I/usr/include/sysprof-4 -pthread '
GLIB_LIBS='-lglib-2.0 '
GLIB_REQUIRED_VERSION='2.32.0'
GLIB_VERSION='2.68.2'
GMODULE_CFLAGS='-I/usr/include/glib-2.0 -I/usr/lib64/glib-2.0/include -I/usr/include/sysprof-4 -pthread '
GMODULE_LIBS='-Wl,--export-dynamic -lgmodule-2.0 -pthread -lglib-2.0 -lglib-2.0 '
GMODULE_REQUIRED_VERSION='2.32.0'
GMODULE_VERSION='2.68.2'
GMOFILES=' ar.gmo ast.gmo be.gmo bg.gmo ca.gmo cs.gmo da.gmo de.gmo el.gmo en_AU.gmo en_GB.gmo es.gmo et.gmo eu.gmo fi.gmo fr.gmo gl.gmo he.gmo hr.gmo hu.gmo hy_AM.gmo hye.gmo id.gmo ie.gmo is.gmo it.gmo ja.gmo kk.gmo ko.gmo lt.gmo lv.gmo ms.gmo nb.gmo nl.gmo nn.gmo oc.gmo pl.gmo pt_BR.gmo pt.gmo ru.gmo sk.gmo sl.gmo sq.gmo sr.gmo sv.gmo te.gmo th.gmo tr.gmo ug.gmo uk.gmo zh_CN.gmo zh_TW.gmo'
GMSGFMT='/usr/bin/msgfmt'
GOBJECT_CFLAGS='-I/usr/include/glib-2.0 -I/usr/lib64/glib-2.0/include -I/usr/include/sysprof-4 -pthread '
GOBJECT_LIBS='-lgobject-2.0 -lglib-2.0 '
GOBJECT_REQUIRED_VERSION='2.32.0'
GOBJECT_VERSION='2.68.2'
GREP='/usr/bin/grep'
GST_BASE_CFLAGS='-I/usr/include/gstreamer-1.0 -I/usr/include/glib-2.0 -I/usr/lib64/glib-2.0/include -I/usr/include/sysprof-4 -pthread '
GST_BASE_LIBS='-lgstbase-1.0 -lgstreamer-1.0 -lgobject-2.0 -lglib-2.0 '
GST_BASE_REQUIRED_VERSION='1.0.0'
GST_BASE_VERSION='1.18.4'
GST_CFLAGS='-I/usr/include/gstreamer-1.0 -I/usr/include/glib-2.0 -I/usr/lib64/glib-2.0/include -I/usr/include/sysprof-4 -pthread '
GST_LIBS='-lgstreamer-1.0 -lgobject-2.0 -lglib-2.0  -lgstbase-1.0 -lgstvideo-1.0 -lgstaudio-1.0 -lgstpbutils-1.0 -lgsttag-1.0'
GST_PBUTILS_CFLAGS='-I/usr/include/gstreamer-1.0 -I/usr/include/glib-2.0 -I/usr/lib64/glib-2.0/include -I/usr/include/sysprof-4 -I/usr/include/orc-0.4 -pthread '
GST_PBUTILS_LIBS='-lgstpbutils-1.0 -lgstaudio-1.0 -lgstvideo-1.0 -lgstbase-1.0 -lgsttag-1.0 -lgstreamer-1.0 -lgobject-2.0 -lglib-2.0 '
GST_PBUTILS_REQUIRED_VERSION='1.0.0'
GST_PBUTILS_VERSION='1.18.4'
GST_REQUIRED_VERSION='1.0.0'
GST_VERSION='1.18.4'
GST_VIDEO_CFLAGS='-I/usr/include/gstreamer-1.0 -I/usr/include/glib-2.0 -I/usr/lib64/glib-2.0/include -I/usr/include/sysprof-4 -pthread -I/usr/include/orc-0.4 '
GST_VIDEO_LIBS='-lgstvideo-1.0 -lgstbase-1.0 -lgstreamer-1.0 -lgobject-2.0 -lglib-2.0 '
GST_VIDEO_REQUIRED_VERSION='1.0.0'
GST_VIDEO_VERSION='1.18.4'
GTHREAD_CFLAGS='-I/usr/include/glib-2.0 -I/usr/lib64/glib-2.0/include -I/usr/include/sysprof-4 -pthread '
GTHREAD_LIBS='-lgthread-2.0 -pthread -lglib-2.0 '
GTHREAD_REQUIRED_VERSION='2.32.0'
GTHREAD_VERSION='2.68.2'
GTKDOC_CHECK='gtkdoc-check.test'
GTKDOC_CHECK_PATH='/usr/bin/gtkdoc-check'
GTKDOC_DEPS_CFLAGS='-I/usr/include/glib-2.0 -I/usr/lib64/glib-2.0/include -I/usr/include/sysprof-4 -pthread '
GTKDOC_DEPS_LIBS='-lgobject-2.0 -lglib-2.0 '
GTKDOC_MKPDF='/usr/bin/gtkdoc-mkpdf'
GTKDOC_REBASE='/usr/bin/gtkdoc-rebase'
GTK_CFLAGS='-I/usr/include/gtk-3.0 -I/usr/include/pango-1.0 -I/usr/include/glib-2.0 -I/usr/lib64/glib-2.0/include -I/usr/include/sysprof-4 -I/usr/include/harfbuzz -I/usr/include/freetype2 -I/usr/include/libpng16 -I/usr/include/libmount -I/usr/include/blkid -I/usr/include/fribidi -I/usr/include/libxml2 -I/usr/include/cairo -I/usr/include/pixman-1 -I/usr/include/gdk-pixbuf-2.0 -I/usr/include/gio-unix-2.0 -I/usr/include/cloudproviders -I/usr/include/atk-1.0 -I/usr/include/at-spi2-atk/2.0 -I/usr/include/dbus-1.0 -I/usr/lib64/dbus-1.0/include -I/usr/include/at-spi-2.0 -pthread '
GTK_DOC_BUILD_HTML_FALSE='#'
GTK_DOC_BUILD_HTML_TRUE=''
GTK_DOC_BUILD_PDF_FALSE=''
GTK_DOC_BUILD_PDF_TRUE='#'
GTK_DOC_USE_LIBTOOL_FALSE='#'
GTK_DOC_USE_LIBTOOL_TRUE=''
GTK_DOC_USE_REBASE_FALSE='#'
GTK_DOC_USE_REBASE_TRUE=''
GTK_LIBS='-lgtk-3 -lgdk-3 -lpangocairo-1.0 -lpango-1.0 -lharfbuzz -latk-1.0 -lcairo-gobject -lcairo -lgdk_pixbuf-2.0 -lgio-2.0 -lgobject-2.0 -lglib-2.0 '
GTK_REQUIRED_VERSION='3.22.0'
GTK_VERSION='3.24.29'
HAVE_GTK_DOC_FALSE='#'
HAVE_GTK_DOC_TRUE=''
HAVE_TAGLIB_FALSE='#'
HAVE_TAGLIB_TRUE=''
HTML_DIR='${datadir}/gtk-doc/html'
INSTALL_DATA='${INSTALL} -m 644'
INSTALL_PROGRAM='${INSTALL}'
INSTALL_SCRIPT='${INSTALL}'
INSTALL_STRIP_PROGRAM='$(install_sh) -c -s'
INSTOBJEXT='.mo'
INTLLIBS=''
INTLTOOL_CAVES_RULE='%.caves:     %.caves.in     $(INTLTOOL_MERGE) $(wildcard $(top_srcdir)/po/*.po) ; $(INTLTOOL_V_MERGE)LC_ALL=C $(INTLTOOL_MERGE) $(INTLTOOL_V_MERGE_OPTIONS) -d -u -c $(top_builddir)/po/.intltool-merge-cache $(top_srcdir)/po $< $@'
INTLTOOL_DESKTOP_RULE='%.desktop:   %.desktop.in   $(INTLTOOL_MERGE) $(wildcard $(top_srcdir)/po/*.po) ; $(INTLTOOL_V_MERGE)LC_ALL=C $(INTLTOOL_MERGE) $(INTLTOOL_V_MERGE_OPTIONS) -d -u -c $(top_builddir)/po/.intltool-merge-cache $(top_srcdir)/po $< $@'
INTLTOOL_DIRECTORY_RULE='%.directory: %.directory.in $(INTLTOOL_MERGE) $(wildcard $(top_srcdir)/po/*.po) ; $(INTLTOOL_V_MERGE)LC_ALL=C $(INTLTOOL_MERGE) $(INTLTOOL_V_MERGE_OPTIONS) -d -u -c $(top_builddir)/po/.intltool-merge-cache $(top_srcdir)/po $< $@'
INTLTOOL_EXTRACT='/usr/bin/intltool-extract'
INTLTOOL_KBD_RULE='%.kbd:       %.kbd.in       $(INTLTOOL_MERGE) $(wildcard $(top_srcdir)/po/*.po) ; $(INTLTOOL_V_MERGE)LC_ALL=C $(INTLTOOL_MERGE) $(INTLTOOL_V_MERGE_OPTIONS) -x -u -m -c $(top_builddir)/po/.intltool-merge-cache $(top_srcdir)/po $< $@'
INTLTOOL_KEYS_RULE='%.keys:      %.keys.in      $(INTLTOOL_MERGE) $(wildcard $(top_srcdir)/po/*.po) ; $(INTLTOOL_V_MERGE)LC_ALL=C $(INTLTOOL_MERGE) $(INTLTOOL_V_MERGE_OPTIONS) -k -u -c $(top_builddir)/po/.intltool-merge-cache $(top_srcdir)/po $< $@'
INTLTOOL_MERGE='/usr/bin/intltool-merge'
INTLTOOL_OAF_RULE='%.oaf:       %.oaf.in       $(INTLTOOL_MERGE) $(wildcard $(top_srcdir)/po/*.po) ; $(INTLTOOL_V_MERGE)LC_ALL=C $(INTLTOOL_MERGE) $(INTLTOOL_V_MERGE_OPTIONS) -o -p $(top_srcdir)/po $< $@'
INTLTOOL_PERL='/usr/bin/perl'
INTLTOOL_POLICY_RULE='%.policy:    %.policy.in    $(INTLTOOL_MERGE) $(wildcard $(top_srcdir)/po/*.po) ; $(INTLTOOL_V_MERGE)LC_ALL=C $(INTLTOOL_MERGE) $(INTLTOOL_V_MERGE_OPTIONS) -x -u -c $(top_builddir)/po/.intltool-merge-cache $(top_srcdir)/po $< $@'
INTLTOOL_PONG_RULE='%.pong:      %.pong.in      $(INTLTOOL_MERGE) $(wildcard $(top_srcdir)/po/*.po) ; $(INTLTOOL_V_MERGE)LC_ALL=C $(INTLTOOL_MERGE) $(INTLTOOL_V_MERGE_OPTIONS) -x -u -c $(top_builddir)/po/.intltool-merge-cache $(top_srcdir)/po $< $@'
INTLTOOL_PROP_RULE='%.prop:      %.prop.in      $(INTLTOOL_MERGE) $(wildcard $(top_srcdir)/po/*.po) ; $(INTLTOOL_V_MERGE)LC_ALL=C $(INTLTOOL_MERGE) $(INTLTOOL_V_MERGE_OPTIONS) -d -u -c $(top_builddir)/po/.intltool-merge-cache $(top_srcdir)/po $< $@'
INTLTOOL_SCHEMAS_RULE='%.schemas:   %.schemas.in   $(INTLTOOL_MERGE) $(wildcard $(top_srcdir)/po/*.po) ; $(INTLTOOL_V_MERGE)LC_ALL=C $(INTLTOOL_MERGE) $(INTLTOOL_V_MERGE_OPTIONS) -s -u -c $(top_builddir)/po/.intltool-merge-cache $(top_srcdir)/po $< $@'
INTLTOOL_SERVER_RULE='%.server:    %.server.in    $(INTLTOOL_MERGE) $(wildcard $(top_srcdir)/po/*.po) ; $(INTLTOOL_V_MERGE)LC_ALL=C $(INTLTOOL_MERGE) $(INTLTOOL_V_MERGE_OPTIONS) -o -u -c $(top_builddir)/po/.intltool-merge-cache $(top_srcdir)/po $< $@'
INTLTOOL_SERVICE_RULE='%.service: %.service.in   $(INTLTOOL_MERGE) $(wildcard $(top_srcdir)/po/*.po) ; $(INTLTOOL_V_MERGE)LC_ALL=C $(INTLTOOL_MERGE) $(INTLTOOL_V_MERGE_OPTIONS) -d -u -c $(top_builddir)/po/.intltool-merge-cache $(top_srcdir)/po $< $@'
INTLTOOL_SHEET_RULE='%.sheet:     %.sheet.in     $(INTLTOOL_MERGE) $(wildcard $(top_srcdir)/po/*.po) ; $(INTLTOOL_V_MERGE)LC_ALL=C $(INTLTOOL_MERGE) $(INTLTOOL_V_MERGE_OPTIONS) -x -u -c $(top_builddir)/po/.intltool-merge-cache $(top_srcdir)/po $< $@'
INTLTOOL_SOUNDLIST_RULE='%.soundlist: %.soundlist.in $(INTLTOOL_MERGE) $(wildcard $(top_srcdir)/po/*.po) ; $(INTLTOOL_V_MERGE)LC_ALL=C $(INTLTOOL_MERGE) $(INTLTOOL_V_MERGE_OPTIONS) -d -u -c $(top_builddir)/po/.intltool-merge-cache $(top_srcdir)/po $< $@'
INTLTOOL_THEME_RULE='%.theme:     %.theme.in     $(INTLTOOL_MERGE) $(wildcard $(top_srcdir)/po/*.po) ; $(INTLTOOL_V_MERGE)LC_ALL=C $(INTLTOOL_MERGE) $(INTLTOOL_V_MERGE_OPTIONS) -d -u -c $(top_builddir)/po/.intltool-merge-cache $(top_srcdir)/po $< $@'
INTLTOOL_UI_RULE='%.ui:        %.ui.in        $(INTLTOOL_MERGE) $(wildcard $(top_srcdir)/po/*.po) ; $(INTLTOOL_V_MERGE)LC_ALL=C $(INTLTOOL_MERGE) $(INTLTOOL_V_MERGE_OPTIONS) -x -u -c $(top_builddir)/po/.intltool-merge-cache $(top_srcdir)/po $< $@'
INTLTOOL_UPDATE='/usr/bin/intltool-update'
INTLTOOL_V_MERGE='$(INTLTOOL__v_MERGE_$(V))'
INTLTOOL_V_MERGE_OPTIONS='$(intltool__v_merge_options_$(V))'
INTLTOOL_XAM_RULE='%.xam:       %.xml.in       $(INTLTOOL_MERGE) $(wildcard $(top_srcdir)/po/*.po) ; $(INTLTOOL_V_MERGE)LC_ALL=C $(INTLTOOL_MERGE) $(INTLTOOL_V_MERGE_OPTIONS) -x -u -c $(top_builddir)/po/.intltool-merge-cache $(top_srcdir)/po $< $@'
INTLTOOL_XML_NOMERGE_RULE='%.xml:       %.xml.in       $(INTLTOOL_MERGE) ; $(INTLTOOL_V_MERGE)LC_ALL=C $(INTLTOOL_MERGE) $(INTLTOOL_V_MERGE_OPTIONS) -x -u --no-translations $< $@'
INTLTOOL_XML_RULE='%.xml:       %.xml.in       $(INTLTOOL_MERGE) $(wildcard $(top_srcdir)/po/*.po) ; $(INTLTOOL_V_MERGE)LC_ALL=C $(INTLTOOL_MERGE) $(INTLTOOL_V_MERGE_OPTIONS) -x -u -c $(top_builddir)/po/.intltool-merge-cache $(top_srcdir)/po $< $@'
INTLTOOL__v_MERGE_0='@echo "  ITMRG " $@;'
INTLTOOL__v_MERGE_='$(INTLTOOL__v_MERGE_$(AM_DEFAULT_VERBOSITY))'
INTL_MACOSX_LIBS=''
LD='/usr/bin/ld -m elf_x86_64'
LDFLAGS=''
LIBNOTIFY_CFLAGS='-I/usr/include/gdk-pixbuf-2.0 -I/usr/include/glib-2.0 -I/usr/lib64/glib-2.0/include -I/usr/include/sysprof-4 -I/usr/include/libpng16 -I/usr/include/libmount -I/usr/include/blkid -pthread '
LIBNOTIFY_LIBS='-lnotify -lgdk_pixbuf-2.0 -lgio-2.0 -lgobject-2.0 -lglib-2.0 '
LIBNOTIFY_REQUIRED_VERSION='0.4.1'
LIBNOTIFY_VERSION='0.7.9'
LIBOBJS=''
LIBS=''
LIBTOOL='$(SHELL) $(top_builddir)/libtool'
LIBX11_CFLAGS=''
LIBX11_LDFLAGS=''
LIBX11_LIBS=' -lSM -lICE -lX11'
LIBXFCE4UI_CFLAGS='-I/usr/include/xfce4/libxfce4ui-2 -I/usr/include/gtk-3.0 -I/usr/include/pango-1.0 -I/usr/include/glib-2.0 -I/usr/lib64/glib-2.0/include -I/usr/include/sysprof-4 -I/usr/include/harfbuzz -I/usr/include/freetype2 -I/usr/include/libpng16 -I/usr/include/libmount -I/usr/include/blkid -I/usr/include/fribidi -I/usr/include/libxml2 -I/usr/include/cairo -I/usr/include/pixman-1 -I/usr/include/gdk-pixbuf-2.0 -I/usr/include/gio-unix-2.0 -I/usr/include/cloudproviders -I/usr/include/atk-1.0 -I/usr/include/at-spi2-atk/2.0 -I/usr/include/dbus-1.0 -I/usr/lib64/dbus-1.0/include -I/usr/include/at-spi-2.0 -I/usr/include/xfce4 -pthread '
LIBXFCE4UI_LIBS='-lxfce4ui-2 -lgtk-3 -lgdk-3 -lpangocairo-1.0 -lpango-1.0 -lharfbuzz -latk-1.0 -lcairo-gobject -lcairo -lgdk_pixbuf-2.0 -lgio-2.0 -lgobject-2.0 -lxfce4util -lglib-2.0 '
LIBXFCE4UI_REQUIRED_VERSION='4.11.0'
LIBXFCE4UI_VERSION='4.16.0'
LIBXFCE4UTIL_CFLAGS='-I/usr/include/xfce4 -I/usr/include/glib-2.0 -I/usr/lib64/glib-2.0/include -I/usr/include/sysprof-4 -pthread '
LIBXFCE4UTIL_LIBS='-lxfce4util -lglib-2.0 '
LIBXFCE4UTIL_REQUIRED_VERSION='4.10.0'
LIBXFCE4UTIL_VERSION='4.16.0'
LIPO=''
LN_S='ln -s'
LTLIBOBJS=''
LT_SYS_LIBRARY_PATH=''
MAINT=''
MAINTAINER_MODE_FALSE='#'
MAINTAINER_MODE_TRUE=''
MAKEINFO='${SHELL} /home/c4pt/opt/linux_media_player/missing makeinfo'
MANIFEST_TOOL=':'
MKDIR_P='/usr/bin/mkdir -p'
MKINSTALLDIRS='./mkinstalldirs'
MSGFMT='/usr/bin/msgfmt'
MSGFMT_OPTS='-c'
MSGMERGE='/usr/bin/msgmerge'
NM='/usr/bin/nm -B'
NMEDIT=''
OBJDUMP='objdump'
OBJEXT='o'
OTOOL64=''
OTOOL=''
PACKAGE='linux_media_player'
PACKAGE_BUGREPORT='https://github.com/c4pt000/linux-media-player'
PACKAGE_NAME='linux_media_player'
PACKAGE_STRING='linux_media_player 4.16.0git.9954485'
PACKAGE_TARNAME='linux_media_player'
PACKAGE_URL=''
PACKAGE_VERSION='4.16.0git.9954485'
PAROLE_CLUTTER_BACKEND_FALSE=''
PAROLE_CLUTTER_BACKEND_TRUE='#'
PAROLE_MPRIS2_PLUGIN_FALSE='#'
PAROLE_MPRIS2_PLUGIN_TRUE=''
PAROLE_NOTIFY_PLUGIN_FALSE='#'
PAROLE_NOTIFY_PLUGIN_TRUE=''
PAROLE_TRAY_PLUGIN_FALSE='#'
PAROLE_TRAY_PLUGIN_TRUE=''
PAROLE_VERINFO='0:8:1'
PAROLE_VERSION_API='0'
PAROLE_VERSION_MAJOR='4'
PAROLE_VERSION_MICRO='0'
PAROLE_VERSION_MINOR='16'
PATH_SEPARATOR=':'
PKG_CONFIG='/usr/bin/pkg-config'
PKG_CONFIG_LIBDIR=''
PKG_CONFIG_PATH=''
POFILES=' ar.po ast.po be.po bg.po ca.po cs.po da.po de.po el.po en_AU.po en_GB.po es.po et.po eu.po fi.po fr.po gl.po he.po hr.po hu.po hy_AM.po hye.po id.po ie.po is.po it.po ja.po kk.po ko.po lt.po lv.po ms.po nb.po nl.po nn.po oc.po pl.po pt_BR.po pt.po ru.po sk.po sl.po sq.po sr.po sv.po te.po th.po tr.po ug.po uk.po zh_CN.po zh_TW.po'
POSUB='po'
PO_IN_DATADIR_FALSE=''
PO_IN_DATADIR_TRUE=''
RANLIB='ranlib'
SED='/usr/bin/sed'
SET_MAKE=''
SHELL='/bin/sh'
STRIP='strip'
TAGLIBC_CFLAGS=''
TAGLIBC_LIBS='-ltag_c'
TAGLIB_CFLAGS='-I/usr/include/taglib '
TAGLIB_LIBS='-ltag '
TAGLIB_REQUIRED_VERSION='1.4'
TAGLIB_VERSION='1.12'
USE_NLS='yes'
VERSION='4.16.0git.9954485'
XFCONF_CFLAGS='-I/usr/include/xfce4/xfconf-0 -I/usr/include/glib-2.0 -I/usr/lib64/glib-2.0/include -I/usr/include/sysprof-4 -I/usr/include/libmount -I/usr/include/blkid -pthread '
XFCONF_LIBS='-lxfconf-0 -lgio-2.0 -lgobject-2.0 -lglib-2.0 '
XFCONF_REQUIRED_VERSION='4.10.0'
XFCONF_VERSION='4.16.0'
XGETTEXT='/usr/bin/xgettext'
XGETTEXT_ARGS='--keyword=Q_ --from-code=UTF-8'
XMKMF=''
X_CFLAGS=''
X_EXTRA_LIBS=''
X_LIBS=''
X_PRE_LIBS=' -lSM -lICE'
ac_ct_AR='ar'
ac_ct_CC='gcc'
ac_ct_CXX='g++'
ac_ct_DUMPBIN=''
am__EXEEXT_FALSE=''
am__EXEEXT_TRUE='#'
am__fastdepCC_FALSE='#'
am__fastdepCC_TRUE=''
am__fastdepCXX_FALSE='#'
am__fastdepCXX_TRUE=''
am__include='include'
am__isrc=''
am__leading_dot='.'
am__nodep='_no'
am__quote=''
am__tar='tar --format=ustar -chf - "$$tardir"'
am__untar='tar -xf -'
bindir='${exec_prefix}/bin'
build='x86_64-pc-linux-gnu'
build_alias=''
build_cpu='x86_64'
build_os='linux-gnu'
build_vendor='pc'
datadir='${datarootdir}'
datarootdir='${prefix}/share'
docdir='${datarootdir}/doc/${PACKAGE_TARNAME}'
dvidir='${docdir}'
exec_prefix='${prefix}'
host='x86_64-pc-linux-gnu'
host_alias=''
host_cpu='x86_64'
host_os='linux-gnu'
host_vendor='pc'
htmldir='${docdir}'
includedir='${prefix}/include'
infodir='${datarootdir}/info'
install_sh='${SHELL} /home/c4pt/opt/linux_media_player/install-sh'
intltool__v_merge_options_0='-q'
intltool__v_merge_options_='$(intltool__v_merge_options_$(AM_DEFAULT_VERBOSITY))'
libdir='${exec_prefix}/lib64'
libexecdir='${exec_prefix}/libexec'
localedir='${prefix}/share/locale'
localstatedir='/var'
mandir='${datarootdir}/man'
mkdir_p='$(MKDIR_P)'
oldincludedir='/usr/include'
pdfdir='${docdir}'
pixmapsdir='/usr/share/linux_media_player/pixmaps'
prefix='/usr'
program_transform_name='s,x,x,'
psdir='${docdir}'
runstatedir='${localstatedir}/run'
sbindir='${exec_prefix}/sbin'
sharedstatedir='/var'
sysconfdir='/etc'
target_alias=''

## ----------- ##
## confdefs.h. ##
## ----------- ##

/* confdefs.h */
#define PACKAGE_NAME "linux_media_player"
#define PACKAGE_TARNAME "linux_media_player"
#define PACKAGE_VERSION "4.16.0git.9954485"
#define PACKAGE_STRING "linux_media_player 4.16.0git.9954485"
#define PACKAGE_BUGREPORT "https://github.com/c4pt000/linux-media-player"
#define PACKAGE_URL ""
#define PACKAGE "linux_media_player"
#define VERSION "4.16.0git.9954485"
#define STDC_HEADERS 1
#define HAVE_SYS_TYPES_H 1
#define HAVE_SYS_STAT_H 1
#define HAVE_STDLIB_H 1
#define HAVE_STRING_H 1
#define HAVE_MEMORY_H 1
#define HAVE_STRINGS_H 1
#define HAVE_INTTYPES_H 1
#define HAVE_STDINT_H 1
#define HAVE_UNISTD_H 1
#define __EXTENSIONS__ 1
#define _ALL_SOURCE 1
#define _GNU_SOURCE 1
#define _POSIX_PTHREAD_SEMANTICS 1
#define _TANDEM_SOURCE 1
#define HAVE_DLFCN_H 1
#define LT_OBJDIR ".libs/"
#define PAROLE_VERSION_SHORT "4.16"
#define HAVE_ERRNO_H 1
#define HAVE_SIGNAL_H 1
#define HAVE_STDDEF_H 1
#define HAVE_SYS_IOCTL_H 1
#define HAVE_FCNTL_H 1
#define HAVE_STRING_H 1
#define HAVE_SYS_STAT_H 1
#define HAVE_SYS_TYPES_H 1
#define HAVE_SYS_WAIT_H 1
#define HAVE_TIME_H 1
#define HAVE_UNISTD_H 1
#define GETTEXT_PACKAGE "linux_media_player"
#define HAVE_LOCALE_H 1
#define HAVE_LC_MESSAGES 1
#define HAVE_BIND_TEXTDOMAIN_CODESET 1
#define HAVE_GETTEXT 1
#define HAVE_DCGETTEXT 1
#define ENABLE_NLS 1
#define HAVE_LIBX11 1
#define PIXMAPS_DIR "/usr/share/linux_media_player/pixmaps"
#define HAVE_XF86_KEYSYM 1
#define HAVE_TAGLIB 1
#define HAVE_TAGLIBC 1

configure: exit 0
